2025-01-04 12:08:19 [main] INFO  c.ctoutweb.lalamiam.infra.Lalamiam - Starting Lalamiam using Java 21.0.3 with PID 13560 (C:\Programmation\java\lalamiam_v2\infra\target\classes started by Administrateur in C:\Programmation\java\lalamiam_v2)
2025-01-04 12:08:19 [main] DEBUG c.ctoutweb.lalamiam.infra.Lalamiam - Running with Spring Boot v3.1.0, Spring v6.0.9
2025-01-04 12:08:19 [main] INFO  c.ctoutweb.lalamiam.infra.Lalamiam - No active profile set, falling back to 1 default profile: "default"
2025-01-04 12:08:21 [main] INFO  o.s.d.r.c.RepositoryConfigurationDelegate - Bootstrapping Spring Data JPA repositories in DEFAULT mode.
2025-01-04 12:08:22 [main] INFO  o.s.d.r.c.RepositoryConfigurationDelegate - Finished Spring Data repository scanning in 675 ms. Found 14 JPA repository interfaces.
2025-01-04 12:08:23 [main] DEBUG c.c.l.i.m.c.DynamicMessageSource - Clearing entire resource bundle cache
2025-01-04 12:08:24 [main] INFO  o.s.b.w.e.tomcat.TomcatWebServer - Tomcat initialized with port(s): 8080 (http)
2025-01-04 12:08:25 [main] INFO  o.s.b.w.s.c.ServletWebServerApplicationContext - Root WebApplicationContext: initialization completed in 5538 ms
2025-01-04 12:08:25 [main] DEBUG c.c.l.i.s.csrf.CustomCsrfFilter - Filter 'csrfFilter' configured for use
2025-01-04 12:08:28 [main] INFO  o.s.o.j.p.SpringPersistenceUnitInfo - No LoadTimeWeaver setup: ignoring JPA class transformer
2025-01-04 12:08:31 [main] INFO  o.s.o.j.LocalContainerEntityManagerFactoryBean - Initialized JPA EntityManagerFactory for persistence unit 'default'
2025-01-04 12:08:33 [main] WARN  o.s.b.a.o.j.JpaBaseConfiguration$JpaWebConfiguration - spring.jpa.open-in-view is enabled by default. Therefore, database queries may be performed during view rendering. Explicitly configure spring.jpa.open-in-view to disable this warning
2025-01-04 12:08:33 [main] WARN  o.s.b.a.s.s.UserDetailsServiceAutoConfiguration - 

Using generated security password: 4bbdefd9-fb9f-4d5b-8fd1-28fcc6a0b92f

This generated password is for development use only. Your security configuration must be updated before running your application in production.

2025-01-04 12:08:34 [main] DEBUG _.s.w.s.HandlerMapping.Mappings - 
	c.c.l.i.c.AdminController:
	{GET [/admin/get-professional-documents]}: getProfessionalDocuement()
2025-01-04 12:08:34 [main] DEBUG _.s.w.s.HandlerMapping.Mappings - 
	c.c.l.i.c.AuthController:
	{POST [/auth/login]}: login(LoginDto)
	{GET [/auth/generate-csrf]}: csrfToken(HttpServletRequest,HttpServletResponse)
	{POST [/auth/register-professional]}: registerProfessional(RegisterProfessionalDto)
	{POST [/auth/register-client]}: registerClient(RegisterClientDto)
	{GET [/auth/generate-captcha]}: generateCaptcha(HttpServletRequest,HttpServletResponse)
	{GET [/auth/app-param]}: getAppParam()
2025-01-04 12:08:34 [main] DEBUG _.s.w.s.HandlerMapping.Mappings - 
	o.s.b.a.w.s.e.BasicErrorController:
	{ [/error]}: error(HttpServletRequest)
	{ [/error], produces [text/html]}: errorHtml(HttpServletRequest,HttpServletResponse)
2025-01-04 12:08:34 [main] DEBUG _.s.w.s.HandlerMapping.Mappings - 'beanNameHandlerMapping' {}
2025-01-04 12:08:35 [main] DEBUG _.s.w.s.HandlerMapping.Mappings - 'resourceHandlerMapping' {/webjars/**=ResourceHttpRequestHandler [classpath [META-INF/resources/webjars/]], /**=ResourceHttpRequestHandler [classpath [META-INF/resources/], classpath [resources/], classpath [static/], classpath [public/], ServletContext [/]]}
2025-01-04 12:08:35 [main] INFO  o.s.s.web.DefaultSecurityFilterChain - Will secure any request with [org.springframework.security.web.session.DisableEncodeUrlFilter@373c8f35, org.springframework.security.web.context.request.async.WebAsyncManagerIntegrationFilter@1d86b636, org.springframework.security.web.context.SecurityContextHolderFilter@6a175162, org.springframework.security.web.header.HeaderWriterFilter@3811464b, org.springframework.web.filter.CorsFilter@e0c03bd, com.ctoutweb.lalamiam.infra.security.csrf.CustomCsrfFilter@746c411c, org.springframework.security.web.authentication.logout.LogoutFilter@7c4de811, org.springframework.security.web.savedrequest.RequestCacheAwareFilter@650a0b50, org.springframework.security.web.servletapi.SecurityContextHolderAwareRequestFilter@48543f11, org.springframework.security.web.authentication.AnonymousAuthenticationFilter@61e4a072, org.springframework.security.web.session.SessionManagementFilter@6f9e6a85, org.springframework.security.web.access.ExceptionTranslationFilter@94b5fe3, org.springframework.security.web.access.intercept.AuthorizationFilter@79aa675b]
2025-01-04 12:08:36 [main] INFO  o.s.b.w.e.tomcat.TomcatWebServer - Tomcat started on port(s): 8080 (http) with context path '/api/v1'
2025-01-04 12:08:36 [main] INFO  c.ctoutweb.lalamiam.infra.Lalamiam - Started Lalamiam in 18.388 seconds (process running for 19.294)
2025-01-04 12:10:02 [http-nio-8080-exec-1] INFO  o.s.web.servlet.DispatcherServlet - Initializing Servlet 'dispatcherServlet'
2025-01-04 12:10:02 [http-nio-8080-exec-1] INFO  o.s.web.servlet.DispatcherServlet - Completed initialization in 3 ms
2025-01-04 12:10:03 [http-nio-8080-exec-1] DEBUG c.c.l.i.s.impl.CookieServiceImpl - Cookie samesite: Lax
2025-01-04 12:10:03 [http-nio-8080-exec-1] DEBUG c.c.l.i.s.impl.CookieServiceImpl - Cookie domain: customDomain
2025-01-04 12:10:03 [http-nio-8080-exec-1] DEBUG c.c.l.i.s.impl.CookieServiceImpl - Cookie secure: false
2025-01-04 12:10:03 [http-nio-8080-exec-1] DEBUG c.c.l.i.s.impl.CookieServiceImpl - Cookie path: /
2025-01-04 12:10:03 [http-nio-8080-exec-1] DEBUG c.c.l.i.s.impl.CookieServiceImpl - Cookie samesite: Lax
2025-01-04 12:10:03 [http-nio-8080-exec-1] DEBUG c.c.l.i.s.impl.CookieServiceImpl - Cookie domain: customDomain
2025-01-04 12:10:03 [http-nio-8080-exec-1] DEBUG c.c.l.i.s.impl.CookieServiceImpl - Cookie secure: false
2025-01-04 12:10:03 [http-nio-8080-exec-1] DEBUG c.c.l.i.s.impl.CookieServiceImpl - Cookie path: /
2025-01-04 12:11:42 [http-nio-8080-exec-9] DEBUG c.c.l.i.s.impl.CookieServiceImpl - Cookie samesite: Lax
2025-01-04 12:11:42 [http-nio-8080-exec-9] DEBUG c.c.l.i.s.impl.CookieServiceImpl - Cookie domain: customDomain
2025-01-04 12:11:42 [http-nio-8080-exec-9] DEBUG c.c.l.i.s.impl.CookieServiceImpl - Cookie secure: false
2025-01-04 12:11:42 [http-nio-8080-exec-9] DEBUG c.c.l.i.s.impl.CookieServiceImpl - Cookie path: /
2025-01-04 12:12:40 [http-nio-8080-exec-6] DEBUG sun.awt.windows.WToolkit - Win version: 0x4a65000a = 1248133130 (Windows Vista)
2025-01-04 12:27:44 [SIGINT handler] DEBUG java.lang.Runtime - Runtime.exit() called with status: 130
java.lang.Throwable: Runtime.exit(130)
	at java.base/java.lang.Shutdown.logRuntimeExit(Shutdown.java:179)
	at java.base/java.lang.Shutdown.exit(Shutdown.java:160)
	at java.base/java.lang.Terminator$1.handle(Terminator.java:51)
	at java.base/jdk.internal.misc.Signal$1.run(Signal.java:218)
	at java.base/java.lang.Thread.run(Thread.java:1583)
2025-01-04 12:27:44 [SpringApplicationShutdownHook] INFO  o.s.o.j.LocalContainerEntityManagerFactoryBean - Closing JPA EntityManagerFactory for persistence unit 'default'
2025-01-04 12:27:55 [main] INFO  c.ctoutweb.lalamiam.infra.Lalamiam - Starting Lalamiam using Java 21.0.3 with PID 4388 (C:\Programmation\java\lalamiam_v2\infra\target\classes started by Administrateur in C:\Programmation\java\lalamiam_v2)
2025-01-04 12:27:55 [main] DEBUG c.ctoutweb.lalamiam.infra.Lalamiam - Running with Spring Boot v3.1.0, Spring v6.0.9
2025-01-04 12:27:55 [main] INFO  c.ctoutweb.lalamiam.infra.Lalamiam - No active profile set, falling back to 1 default profile: "default"
2025-01-04 12:27:58 [main] INFO  o.s.d.r.c.RepositoryConfigurationDelegate - Bootstrapping Spring Data JPA repositories in DEFAULT mode.
2025-01-04 12:27:58 [main] INFO  o.s.d.r.c.RepositoryConfigurationDelegate - Finished Spring Data repository scanning in 367 ms. Found 14 JPA repository interfaces.
2025-01-04 12:27:59 [main] DEBUG c.c.l.i.m.c.DynamicMessageSource - Clearing entire resource bundle cache
2025-01-04 12:28:00 [main] INFO  o.s.b.w.e.tomcat.TomcatWebServer - Tomcat initialized with port(s): 8080 (http)
2025-01-04 12:28:00 [main] INFO  o.s.b.w.s.c.ServletWebServerApplicationContext - Root WebApplicationContext: initialization completed in 4819 ms
2025-01-04 12:28:00 [main] DEBUG c.c.l.i.s.csrf.CustomCsrfFilter - Filter 'csrfFilter' configured for use
2025-01-04 12:28:02 [main] INFO  o.s.o.j.p.SpringPersistenceUnitInfo - No LoadTimeWeaver setup: ignoring JPA class transformer
2025-01-04 12:28:05 [main] INFO  o.s.o.j.LocalContainerEntityManagerFactoryBean - Initialized JPA EntityManagerFactory for persistence unit 'default'
2025-01-04 12:28:07 [main] WARN  o.s.b.a.o.j.JpaBaseConfiguration$JpaWebConfiguration - spring.jpa.open-in-view is enabled by default. Therefore, database queries may be performed during view rendering. Explicitly configure spring.jpa.open-in-view to disable this warning
2025-01-04 12:28:07 [main] WARN  o.s.b.a.s.s.UserDetailsServiceAutoConfiguration - 

Using generated security password: b1d5578d-da76-41ef-a81a-c546dd810db2

This generated password is for development use only. Your security configuration must be updated before running your application in production.

2025-01-04 12:28:07 [main] DEBUG _.s.w.s.HandlerMapping.Mappings - 
	c.c.l.i.c.AdminController:
	{GET [/admin/get-professional-documents]}: getProfessionalDocuement()
2025-01-04 12:28:07 [main] DEBUG _.s.w.s.HandlerMapping.Mappings - 
	c.c.l.i.c.AuthController:
	{GET [/auth/generate-csrf]}: csrfToken(HttpServletRequest,HttpServletResponse)
	{POST [/auth/login]}: login(LoginDto)
	{GET [/auth/app-param]}: getAppParam()
	{POST [/auth/register-client]}: registerClient(RegisterClientDto)
	{GET [/auth/generate-captcha]}: generateCaptcha(HttpServletRequest,HttpServletResponse)
	{POST [/auth/register-professional]}: registerProfessional(RegisterProfessionalDto)
2025-01-04 12:28:07 [main] DEBUG _.s.w.s.HandlerMapping.Mappings - 
	o.s.b.a.w.s.e.BasicErrorController:
	{ [/error]}: error(HttpServletRequest)
	{ [/error], produces [text/html]}: errorHtml(HttpServletRequest,HttpServletResponse)
2025-01-04 12:28:07 [main] DEBUG _.s.w.s.HandlerMapping.Mappings - 'beanNameHandlerMapping' {}
2025-01-04 12:28:07 [main] DEBUG _.s.w.s.HandlerMapping.Mappings - 'resourceHandlerMapping' {/webjars/**=ResourceHttpRequestHandler [classpath [META-INF/resources/webjars/]], /**=ResourceHttpRequestHandler [classpath [META-INF/resources/], classpath [resources/], classpath [static/], classpath [public/], ServletContext [/]]}
2025-01-04 12:28:08 [main] INFO  o.s.s.web.DefaultSecurityFilterChain - Will secure any request with [org.springframework.security.web.session.DisableEncodeUrlFilter@6b61a4b0, org.springframework.security.web.context.request.async.WebAsyncManagerIntegrationFilter@5c00de0d, org.springframework.security.web.context.SecurityContextHolderFilter@519e14f6, org.springframework.security.web.header.HeaderWriterFilter@141874c8, org.springframework.web.filter.CorsFilter@6278371a, com.ctoutweb.lalamiam.infra.security.csrf.CustomCsrfFilter@631c6d11, org.springframework.security.web.authentication.logout.LogoutFilter@453bbb9b, org.springframework.security.web.savedrequest.RequestCacheAwareFilter@5da799, org.springframework.security.web.servletapi.SecurityContextHolderAwareRequestFilter@2bc52b08, org.springframework.security.web.authentication.AnonymousAuthenticationFilter@c6a1be2, org.springframework.security.web.session.SessionManagementFilter@36def543, org.springframework.security.web.access.ExceptionTranslationFilter@420dde28, org.springframework.security.web.access.intercept.AuthorizationFilter@5edd2170]
2025-01-04 12:28:08 [main] INFO  o.s.b.w.e.tomcat.TomcatWebServer - Tomcat started on port(s): 8080 (http) with context path '/api/v1'
2025-01-04 12:28:08 [main] INFO  c.ctoutweb.lalamiam.infra.Lalamiam - Started Lalamiam in 15.255 seconds (process running for 17.389)
2025-01-04 13:11:22 [SIGINT handler] DEBUG java.lang.Runtime - Runtime.exit() called with status: 130
java.lang.Throwable: Runtime.exit(130)
	at java.base/java.lang.Shutdown.logRuntimeExit(Shutdown.java:179)
	at java.base/java.lang.Shutdown.exit(Shutdown.java:160)
	at java.base/java.lang.Terminator$1.handle(Terminator.java:51)
	at java.base/jdk.internal.misc.Signal$1.run(Signal.java:218)
	at java.base/java.lang.Thread.run(Thread.java:1583)
2025-01-04 13:11:22 [SpringApplicationShutdownHook] INFO  o.s.o.j.LocalContainerEntityManagerFactoryBean - Closing JPA EntityManagerFactory for persistence unit 'default'
2025-01-04 14:36:36 [main] INFO  c.ctoutweb.lalamiam.infra.Lalamiam - Starting Lalamiam using Java 21.0.3 with PID 14728 (C:\Programmation\java\lalamiam_v2\infra\target\classes started by Administrateur in C:\Programmation\java\lalamiam_v2)
2025-01-04 14:36:36 [main] DEBUG c.ctoutweb.lalamiam.infra.Lalamiam - Running with Spring Boot v3.1.0, Spring v6.0.9
2025-01-04 14:36:36 [main] INFO  c.ctoutweb.lalamiam.infra.Lalamiam - No active profile set, falling back to 1 default profile: "default"
2025-01-04 14:36:38 [main] INFO  o.s.d.r.c.RepositoryConfigurationDelegate - Bootstrapping Spring Data JPA repositories in DEFAULT mode.
2025-01-04 14:36:39 [main] INFO  o.s.d.r.c.RepositoryConfigurationDelegate - Finished Spring Data repository scanning in 422 ms. Found 14 JPA repository interfaces.
2025-01-04 14:36:40 [main] DEBUG c.c.l.i.m.c.DynamicMessageSource - Clearing entire resource bundle cache
2025-01-04 14:36:40 [main] INFO  o.s.b.w.e.tomcat.TomcatWebServer - Tomcat initialized with port(s): 8080 (http)
2025-01-04 14:36:41 [main] INFO  o.s.b.w.s.c.ServletWebServerApplicationContext - Root WebApplicationContext: initialization completed in 4356 ms
2025-01-04 14:36:41 [main] DEBUG c.c.l.i.s.csrf.CustomCsrfFilter - Filter 'csrfFilter' configured for use
2025-01-04 14:36:42 [main] INFO  o.s.o.j.p.SpringPersistenceUnitInfo - No LoadTimeWeaver setup: ignoring JPA class transformer
2025-01-04 14:36:45 [main] INFO  o.s.o.j.LocalContainerEntityManagerFactoryBean - Initialized JPA EntityManagerFactory for persistence unit 'default'
2025-01-04 14:36:46 [main] WARN  o.s.b.a.o.j.JpaBaseConfiguration$JpaWebConfiguration - spring.jpa.open-in-view is enabled by default. Therefore, database queries may be performed during view rendering. Explicitly configure spring.jpa.open-in-view to disable this warning
2025-01-04 14:36:46 [main] WARN  o.s.b.a.s.s.UserDetailsServiceAutoConfiguration - 

Using generated security password: d2f8b3cf-b9b7-4376-b152-fef16fc67d53

This generated password is for development use only. Your security configuration must be updated before running your application in production.

2025-01-04 14:36:46 [main] DEBUG _.s.w.s.HandlerMapping.Mappings - 
	c.c.l.i.c.AdminController:
	{GET [/admin/get-professional-documents]}: getProfessionalDocuement()
2025-01-04 14:36:46 [main] DEBUG _.s.w.s.HandlerMapping.Mappings - 
	c.c.l.i.c.AuthController:
	{POST [/auth/register-professional]}: registerProfessional(RegisterProfessionalDto)
	{POST [/auth/login]}: login(LoginDto)
	{GET [/auth/generate-csrf]}: csrfToken(HttpServletRequest,HttpServletResponse)
	{POST [/auth/register-client]}: registerClient(RegisterClientDto)
	{GET [/auth/generate-captcha]}: generateCaptcha(HttpServletRequest,HttpServletResponse)
	{GET [/auth/app-param]}: getAppParam()
2025-01-04 14:36:46 [main] DEBUG _.s.w.s.HandlerMapping.Mappings - 
	o.s.b.a.w.s.e.BasicErrorController:
	{ [/error]}: error(HttpServletRequest)
	{ [/error], produces [text/html]}: errorHtml(HttpServletRequest,HttpServletResponse)
2025-01-04 14:36:46 [main] DEBUG _.s.w.s.HandlerMapping.Mappings - 'beanNameHandlerMapping' {}
2025-01-04 14:36:46 [main] DEBUG _.s.w.s.HandlerMapping.Mappings - 'resourceHandlerMapping' {/webjars/**=ResourceHttpRequestHandler [classpath [META-INF/resources/webjars/]], /**=ResourceHttpRequestHandler [classpath [META-INF/resources/], classpath [resources/], classpath [static/], classpath [public/], ServletContext [/]]}
2025-01-04 14:36:47 [main] INFO  o.s.s.web.DefaultSecurityFilterChain - Will secure any request with [org.springframework.security.web.session.DisableEncodeUrlFilter@1e86b2d1, org.springframework.security.web.context.request.async.WebAsyncManagerIntegrationFilter@65029fc, org.springframework.security.web.context.SecurityContextHolderFilter@4c7b4a31, org.springframework.security.web.header.HeaderWriterFilter@44ec6637, org.springframework.web.filter.CorsFilter@4865434e, com.ctoutweb.lalamiam.infra.security.csrf.CustomCsrfFilter@423a0e1d, org.springframework.security.web.authentication.logout.LogoutFilter@7a0f1f9d, org.springframework.security.web.savedrequest.RequestCacheAwareFilter@235d46b2, org.springframework.security.web.servletapi.SecurityContextHolderAwareRequestFilter@5f0bf0ed, org.springframework.security.web.authentication.AnonymousAuthenticationFilter@3c6e407, org.springframework.security.web.session.SessionManagementFilter@c6db00d, org.springframework.security.web.access.ExceptionTranslationFilter@7842260f, org.springframework.security.web.access.intercept.AuthorizationFilter@443b9ebb]
2025-01-04 14:36:47 [main] INFO  o.s.b.w.e.tomcat.TomcatWebServer - Tomcat started on port(s): 8080 (http) with context path '/api/v1'
2025-01-04 14:36:47 [main] INFO  c.ctoutweb.lalamiam.infra.Lalamiam - Started Lalamiam in 12.098 seconds (process running for 13.019)
2025-01-04 14:36:57 [http-nio-8080-exec-2] INFO  o.s.web.servlet.DispatcherServlet - Initializing Servlet 'dispatcherServlet'
2025-01-04 14:36:57 [http-nio-8080-exec-2] INFO  o.s.web.servlet.DispatcherServlet - Completed initialization in 5 ms
2025-01-04 14:36:58 [http-nio-8080-exec-2] DEBUG c.c.l.i.s.impl.CookieServiceImpl - Cookie samesite: Lax
2025-01-04 14:36:58 [http-nio-8080-exec-2] DEBUG c.c.l.i.s.impl.CookieServiceImpl - Cookie domain: customDomain
2025-01-04 14:36:58 [http-nio-8080-exec-2] DEBUG c.c.l.i.s.impl.CookieServiceImpl - Cookie secure: false
2025-01-04 14:36:58 [http-nio-8080-exec-2] DEBUG c.c.l.i.s.impl.CookieServiceImpl - Cookie path: /
2025-01-04 14:36:58 [http-nio-8080-exec-2] DEBUG c.c.l.i.s.impl.CookieServiceImpl - Cookie samesite: Lax
2025-01-04 14:36:58 [http-nio-8080-exec-2] DEBUG c.c.l.i.s.impl.CookieServiceImpl - Cookie domain: customDomain
2025-01-04 14:36:58 [http-nio-8080-exec-2] DEBUG c.c.l.i.s.impl.CookieServiceImpl - Cookie secure: false
2025-01-04 14:36:58 [http-nio-8080-exec-2] DEBUG c.c.l.i.s.impl.CookieServiceImpl - Cookie path: /
2025-01-04 14:37:14 [http-nio-8080-exec-3] ERROR c.c.l.i.s.csrf.CustomCsrfFilter - CSRF token ou COOKIE token == null
2025-01-04 14:37:21 [http-nio-8080-exec-4] DEBUG c.c.l.i.s.impl.CookieServiceImpl - Cookie samesite: Lax
2025-01-04 14:37:21 [http-nio-8080-exec-4] DEBUG c.c.l.i.s.impl.CookieServiceImpl - Cookie domain: customDomain
2025-01-04 14:37:21 [http-nio-8080-exec-4] DEBUG c.c.l.i.s.impl.CookieServiceImpl - Cookie secure: false
2025-01-04 14:37:21 [http-nio-8080-exec-4] DEBUG c.c.l.i.s.impl.CookieServiceImpl - Cookie path: /
2025-01-04 14:38:29 [SIGINT handler] DEBUG java.lang.Runtime - Runtime.exit() called with status: 130
java.lang.Throwable: Runtime.exit(130)
	at java.base/java.lang.Shutdown.logRuntimeExit(Shutdown.java:179)
	at java.base/java.lang.Shutdown.exit(Shutdown.java:160)
	at java.base/java.lang.Terminator$1.handle(Terminator.java:51)
	at java.base/jdk.internal.misc.Signal$1.run(Signal.java:218)
	at java.base/java.lang.Thread.run(Thread.java:1583)
2025-01-04 14:38:29 [SpringApplicationShutdownHook] INFO  o.s.o.j.LocalContainerEntityManagerFactoryBean - Closing JPA EntityManagerFactory for persistence unit 'default'
2025-01-04 14:38:35 [main] INFO  c.ctoutweb.lalamiam.infra.Lalamiam - Starting Lalamiam using Java 21.0.3 with PID 10672 (C:\Programmation\java\lalamiam_v2\infra\target\classes started by Administrateur in C:\Programmation\java\lalamiam_v2)
2025-01-04 14:38:35 [main] DEBUG c.ctoutweb.lalamiam.infra.Lalamiam - Running with Spring Boot v3.1.0, Spring v6.0.9
2025-01-04 14:38:35 [main] INFO  c.ctoutweb.lalamiam.infra.Lalamiam - No active profile set, falling back to 1 default profile: "default"
2025-01-04 14:38:37 [main] INFO  o.s.d.r.c.RepositoryConfigurationDelegate - Bootstrapping Spring Data JPA repositories in DEFAULT mode.
2025-01-04 14:38:37 [main] INFO  o.s.d.r.c.RepositoryConfigurationDelegate - Finished Spring Data repository scanning in 372 ms. Found 14 JPA repository interfaces.
2025-01-04 14:38:38 [main] DEBUG c.c.l.i.m.c.DynamicMessageSource - Clearing entire resource bundle cache
2025-01-04 14:38:39 [main] INFO  o.s.b.w.e.tomcat.TomcatWebServer - Tomcat initialized with port(s): 8080 (http)
2025-01-04 14:38:39 [main] INFO  o.s.b.w.s.c.ServletWebServerApplicationContext - Root WebApplicationContext: initialization completed in 4083 ms
2025-01-04 14:38:39 [main] DEBUG c.c.l.i.s.csrf.CustomCsrfFilter - Filter 'csrfFilter' configured for use
2025-01-04 14:38:41 [main] INFO  o.s.o.j.p.SpringPersistenceUnitInfo - No LoadTimeWeaver setup: ignoring JPA class transformer
2025-01-04 14:38:44 [main] INFO  o.s.o.j.LocalContainerEntityManagerFactoryBean - Initialized JPA EntityManagerFactory for persistence unit 'default'
2025-01-04 14:38:45 [main] WARN  o.s.b.a.o.j.JpaBaseConfiguration$JpaWebConfiguration - spring.jpa.open-in-view is enabled by default. Therefore, database queries may be performed during view rendering. Explicitly configure spring.jpa.open-in-view to disable this warning
2025-01-04 14:38:45 [main] WARN  o.s.b.a.s.s.UserDetailsServiceAutoConfiguration - 

Using generated security password: aa68eba2-9ed9-4179-8ff6-c72448e15366

This generated password is for development use only. Your security configuration must be updated before running your application in production.

2025-01-04 14:38:45 [main] DEBUG _.s.w.s.HandlerMapping.Mappings - 
	c.c.l.i.c.AdminController:
	{GET [/admin/get-professional-documents]}: getProfessionalDocuement()
2025-01-04 14:38:45 [main] DEBUG _.s.w.s.HandlerMapping.Mappings - 
	c.c.l.i.c.AuthController:
	{POST [/auth/register-client]}: registerClient(RegisterClientDto)
	{GET [/auth/app-param]}: getAppParam()
	{GET [/auth/generate-captcha]}: generateCaptcha(HttpServletRequest,HttpServletResponse)
	{POST [/auth/register-professional]}: registerProfessional(RegisterProfessionalDto)
	{POST [/auth/login]}: login(LoginDto)
	{GET [/auth/generate-csrf]}: csrfToken(HttpServletRequest,HttpServletResponse)
2025-01-04 14:38:45 [main] DEBUG _.s.w.s.HandlerMapping.Mappings - 
	o.s.b.a.w.s.e.BasicErrorController:
	{ [/error]}: error(HttpServletRequest)
	{ [/error], produces [text/html]}: errorHtml(HttpServletRequest,HttpServletResponse)
2025-01-04 14:38:46 [main] DEBUG _.s.w.s.HandlerMapping.Mappings - 'beanNameHandlerMapping' {}
2025-01-04 14:38:46 [main] DEBUG _.s.w.s.HandlerMapping.Mappings - 'resourceHandlerMapping' {/webjars/**=ResourceHttpRequestHandler [classpath [META-INF/resources/webjars/]], /**=ResourceHttpRequestHandler [classpath [META-INF/resources/], classpath [resources/], classpath [static/], classpath [public/], ServletContext [/]]}
2025-01-04 14:38:46 [main] INFO  o.s.s.web.DefaultSecurityFilterChain - Will secure any request with [org.springframework.security.web.session.DisableEncodeUrlFilter@665c79a2, org.springframework.security.web.context.request.async.WebAsyncManagerIntegrationFilter@3e79473d, org.springframework.security.web.context.SecurityContextHolderFilter@52e5ad71, org.springframework.security.web.header.HeaderWriterFilter@5c00de0d, org.springframework.web.filter.CorsFilter@2e895acb, com.ctoutweb.lalamiam.infra.security.csrf.CustomCsrfFilter@487cd177, org.springframework.security.web.authentication.logout.LogoutFilter@789d45f7, org.springframework.security.web.savedrequest.RequestCacheAwareFilter@1134a934, org.springframework.security.web.servletapi.SecurityContextHolderAwareRequestFilter@5dfd4fac, org.springframework.security.web.authentication.AnonymousAuthenticationFilter@5d1d05ff, org.springframework.security.web.session.SessionManagementFilter@2bc21edd, org.springframework.security.web.access.ExceptionTranslationFilter@32db94fb, org.springframework.security.web.access.intercept.AuthorizationFilter@54c1878b]
2025-01-04 14:38:46 [main] INFO  o.s.b.w.e.tomcat.TomcatWebServer - Tomcat started on port(s): 8080 (http) with context path '/api/v1'
2025-01-04 14:38:46 [main] INFO  c.ctoutweb.lalamiam.infra.Lalamiam - Started Lalamiam in 12.887 seconds (process running for 14.17)
2025-01-04 14:39:02 [http-nio-8080-exec-2] INFO  o.s.web.servlet.DispatcherServlet - Initializing Servlet 'dispatcherServlet'
2025-01-04 14:39:02 [http-nio-8080-exec-2] INFO  o.s.web.servlet.DispatcherServlet - Completed initialization in 2 ms
2025-01-04 14:39:23 [SIGINT handler] DEBUG java.lang.Runtime - Runtime.exit() called with status: 130
java.lang.Throwable: Runtime.exit(130)
	at java.base/java.lang.Shutdown.logRuntimeExit(Shutdown.java:179)
	at java.base/java.lang.Shutdown.exit(Shutdown.java:160)
	at java.base/java.lang.Terminator$1.handle(Terminator.java:51)
	at java.base/jdk.internal.misc.Signal$1.run(Signal.java:218)
	at java.base/java.lang.Thread.run(Thread.java:1583)
2025-01-04 14:39:23 [SpringApplicationShutdownHook] INFO  o.s.o.j.LocalContainerEntityManagerFactoryBean - Closing JPA EntityManagerFactory for persistence unit 'default'
2025-01-04 14:39:59 [main] INFO  c.ctoutweb.lalamiam.infra.Lalamiam - Starting Lalamiam using Java 21.0.3 with PID 14540 (C:\Programmation\java\lalamiam_v2\infra\target\classes started by Administrateur in C:\Programmation\java\lalamiam_v2)
2025-01-04 14:39:59 [main] DEBUG c.ctoutweb.lalamiam.infra.Lalamiam - Running with Spring Boot v3.1.0, Spring v6.0.9
2025-01-04 14:39:59 [main] INFO  c.ctoutweb.lalamiam.infra.Lalamiam - No active profile set, falling back to 1 default profile: "default"
2025-01-04 14:40:01 [main] INFO  o.s.d.r.c.RepositoryConfigurationDelegate - Bootstrapping Spring Data JPA repositories in DEFAULT mode.
2025-01-04 14:40:02 [main] INFO  o.s.d.r.c.RepositoryConfigurationDelegate - Finished Spring Data repository scanning in 382 ms. Found 14 JPA repository interfaces.
2025-01-04 14:40:03 [main] DEBUG c.c.l.i.m.c.DynamicMessageSource - Clearing entire resource bundle cache
2025-01-04 14:40:03 [main] INFO  o.s.b.w.e.tomcat.TomcatWebServer - Tomcat initialized with port(s): 8080 (http)
2025-01-04 14:40:04 [main] INFO  o.s.b.w.s.c.ServletWebServerApplicationContext - Root WebApplicationContext: initialization completed in 4146 ms
2025-01-04 14:40:04 [main] DEBUG c.c.l.i.s.csrf.CustomCsrfFilter - Filter 'csrfFilter' configured for use
2025-01-04 14:40:06 [main] INFO  o.s.o.j.p.SpringPersistenceUnitInfo - No LoadTimeWeaver setup: ignoring JPA class transformer
2025-01-04 14:40:08 [main] INFO  o.s.o.j.LocalContainerEntityManagerFactoryBean - Initialized JPA EntityManagerFactory for persistence unit 'default'
2025-01-04 14:40:10 [main] WARN  o.s.b.a.o.j.JpaBaseConfiguration$JpaWebConfiguration - spring.jpa.open-in-view is enabled by default. Therefore, database queries may be performed during view rendering. Explicitly configure spring.jpa.open-in-view to disable this warning
2025-01-04 14:40:10 [main] WARN  o.s.b.a.s.s.UserDetailsServiceAutoConfiguration - 

Using generated security password: ed8e4205-a76d-4326-a03a-72854e1ca225

This generated password is for development use only. Your security configuration must be updated before running your application in production.

2025-01-04 14:40:10 [main] DEBUG _.s.w.s.HandlerMapping.Mappings - 
	c.c.l.i.c.AdminController:
	{GET [/admin/get-professional-documents]}: getProfessionalDocuement()
2025-01-04 14:40:10 [main] DEBUG _.s.w.s.HandlerMapping.Mappings - 
	c.c.l.i.c.AuthController:
	{POST [/auth/login]}: login(LoginDto)
	{GET [/auth/generate-csrf]}: csrfToken(HttpServletRequest,HttpServletResponse)
	{POST [/auth/register-client]}: registerClient(RegisterClientDto)
	{GET [/auth/app-param]}: getAppParam()
	{GET [/auth/generate-captcha]}: generateCaptcha(HttpServletRequest,HttpServletResponse)
	{POST [/auth/register-professional]}: registerProfessional(RegisterProfessionalDto)
2025-01-04 14:40:10 [main] DEBUG _.s.w.s.HandlerMapping.Mappings - 
	o.s.b.a.w.s.e.BasicErrorController:
	{ [/error]}: error(HttpServletRequest)
	{ [/error], produces [text/html]}: errorHtml(HttpServletRequest,HttpServletResponse)
2025-01-04 14:40:10 [main] DEBUG _.s.w.s.HandlerMapping.Mappings - 'beanNameHandlerMapping' {}
2025-01-04 14:40:10 [main] DEBUG _.s.w.s.HandlerMapping.Mappings - 'resourceHandlerMapping' {/webjars/**=ResourceHttpRequestHandler [classpath [META-INF/resources/webjars/]], /**=ResourceHttpRequestHandler [classpath [META-INF/resources/], classpath [resources/], classpath [static/], classpath [public/], ServletContext [/]]}
2025-01-04 14:40:10 [main] INFO  o.s.s.web.DefaultSecurityFilterChain - Will secure any request with [org.springframework.security.web.session.DisableEncodeUrlFilter@c8d20bb, org.springframework.security.web.context.request.async.WebAsyncManagerIntegrationFilter@1ead6e20, org.springframework.security.web.context.SecurityContextHolderFilter@30623109, org.springframework.security.web.header.HeaderWriterFilter@1407b93f, org.springframework.web.filter.CorsFilter@59f56892, com.ctoutweb.lalamiam.infra.security.csrf.CustomCsrfFilter@65be88ae, org.springframework.security.web.authentication.logout.LogoutFilter@a904e64, org.springframework.security.web.savedrequest.RequestCacheAwareFilter@4fe8ac61, org.springframework.security.web.servletapi.SecurityContextHolderAwareRequestFilter@56897de0, org.springframework.security.web.authentication.AnonymousAuthenticationFilter@389fad5b, org.springframework.security.web.session.SessionManagementFilter@6278371a, org.springframework.security.web.access.ExceptionTranslationFilter@79392584, org.springframework.security.web.access.intercept.AuthorizationFilter@789d45f7]
2025-01-04 14:40:11 [main] INFO  o.s.b.w.e.tomcat.TomcatWebServer - Tomcat started on port(s): 8080 (http) with context path '/api/v1'
2025-01-04 14:40:11 [main] INFO  c.ctoutweb.lalamiam.infra.Lalamiam - Started Lalamiam in 12.662 seconds (process running for 13.709)
2025-01-04 14:40:15 [http-nio-8080-exec-2] INFO  o.s.web.servlet.DispatcherServlet - Initializing Servlet 'dispatcherServlet'
2025-01-04 14:40:15 [http-nio-8080-exec-2] INFO  o.s.web.servlet.DispatcherServlet - Completed initialization in 2 ms
2025-01-04 14:42:37 [HikariPool-1 housekeeper] WARN  com.zaxxer.hikari.pool.HikariPool - HikariPool-1 - Thread starvation or clock leap detected (housekeeper delta=2m32s380ms829µs300ns).
2025-01-04 19:10:37 [SIGINT handler] DEBUG java.lang.Runtime - Runtime.exit() called with status: 130
java.lang.Throwable: Runtime.exit(130)
	at java.base/java.lang.Shutdown.logRuntimeExit(Shutdown.java:179)
	at java.base/java.lang.Shutdown.exit(Shutdown.java:160)
	at java.base/java.lang.Terminator$1.handle(Terminator.java:51)
	at java.base/jdk.internal.misc.Signal$1.run(Signal.java:218)
	at java.base/java.lang.Thread.run(Thread.java:1583)
2025-01-04 19:10:37 [SpringApplicationShutdownHook] INFO  o.s.o.j.LocalContainerEntityManagerFactoryBean - Closing JPA EntityManagerFactory for persistence unit 'default'
