2024-12-18 22:09:16 [main] INFO  c.ctoutweb.lalamiam.infra.Lalamiam - Starting Lalamiam using Java 17.0.7 with PID 3532 (C:\Programmation\java\lalamiam_v2\infra\target\classes started by Administrateur in C:\Programmation\java\lalamiam_v2)
2024-12-18 22:09:16 [main] DEBUG c.ctoutweb.lalamiam.infra.Lalamiam - Running with Spring Boot v3.1.0, Spring v6.0.9
2024-12-18 22:09:16 [main] INFO  c.ctoutweb.lalamiam.infra.Lalamiam - No active profile set, falling back to 1 default profile: "default"
2024-12-18 22:09:18 [main] INFO  o.s.d.r.c.RepositoryConfigurationDelegate - Bootstrapping Spring Data JPA repositories in DEFAULT mode.
2024-12-18 22:09:19 [main] INFO  o.s.d.r.c.RepositoryConfigurationDelegate - Finished Spring Data repository scanning in 324 ms. Found 14 JPA repository interfaces.
2024-12-18 22:09:19 [main] DEBUG c.c.l.i.m.c.DynamicMessageSource - Clearing entire resource bundle cache
2024-12-18 22:09:20 [main] INFO  o.s.b.w.e.tomcat.TomcatWebServer - Tomcat initialized with port(s): 8080 (http)
2024-12-18 22:09:20 [main] INFO  o.s.b.w.s.c.ServletWebServerApplicationContext - Root WebApplicationContext: initialization completed in 3859 ms
2024-12-18 22:09:20 [main] DEBUG c.c.l.i.s.csrf.CustomCsrfFilter - Filter 'csrfFilter' configured for use
2024-12-18 22:09:22 [main] INFO  o.s.o.j.p.SpringPersistenceUnitInfo - No LoadTimeWeaver setup: ignoring JPA class transformer
2024-12-18 22:09:24 [main] INFO  o.s.o.j.LocalContainerEntityManagerFactoryBean - Initialized JPA EntityManagerFactory for persistence unit 'default'
2024-12-18 22:09:26 [main] WARN  o.s.b.a.o.j.JpaBaseConfiguration$JpaWebConfiguration - spring.jpa.open-in-view is enabled by default. Therefore, database queries may be performed during view rendering. Explicitly configure spring.jpa.open-in-view to disable this warning
2024-12-18 22:09:26 [main] WARN  o.s.b.a.s.s.UserDetailsServiceAutoConfiguration - 

Using generated security password: 857c2393-ea25-479e-bdd4-7da8413a5baa

This generated password is for development use only. Your security configuration must be updated before running your application in production.

2024-12-18 22:09:26 [main] DEBUG _.s.w.s.HandlerMapping.Mappings - 
	c.c.l.i.c.AdminController:
	{GET [/admin/get-professional-documents]}: getProfessionalDocuement()
2024-12-18 22:09:26 [main] DEBUG _.s.w.s.HandlerMapping.Mappings - 
	c.c.l.i.c.AuthController:
	{GET [/auth/generate-csrf]}: csrfToken(HttpServletRequest,HttpServletResponse)
	{GET [/auth/app-param]}: getAppParam()
	{POST [/auth/login]}: login(LoginDto)
	{GET [/auth/generate-captcha]}: generateCaptcha(HttpServletRequest,HttpServletResponse)
	{POST [/auth/register-client]}: registerClient(RegisterClientDto)
2024-12-18 22:09:26 [main] DEBUG _.s.w.s.HandlerMapping.Mappings - 
	o.s.b.a.w.s.e.BasicErrorController:
	{ [/error]}: error(HttpServletRequest)
	{ [/error], produces [text/html]}: errorHtml(HttpServletRequest,HttpServletResponse)
2024-12-18 22:09:26 [main] DEBUG _.s.w.s.HandlerMapping.Mappings - 'beanNameHandlerMapping' {}
2024-12-18 22:09:26 [main] DEBUG _.s.w.s.HandlerMapping.Mappings - 'resourceHandlerMapping' {/webjars/**=ResourceHttpRequestHandler [classpath [META-INF/resources/webjars/]], /**=ResourceHttpRequestHandler [classpath [META-INF/resources/], classpath [resources/], classpath [static/], classpath [public/], ServletContext [/]]}
2024-12-18 22:09:26 [main] INFO  o.s.s.web.DefaultSecurityFilterChain - Will secure any request with [org.springframework.security.web.session.DisableEncodeUrlFilter@a4e1ca7, org.springframework.security.web.context.request.async.WebAsyncManagerIntegrationFilter@7d466ef9, org.springframework.security.web.context.SecurityContextHolderFilter@420068a, org.springframework.security.web.header.HeaderWriterFilter@7c4697fc, org.springframework.web.filter.CorsFilter@4a561f7d, com.ctoutweb.lalamiam.infra.security.csrf.CustomCsrfFilter@66383c29, org.springframework.security.web.authentication.logout.LogoutFilter@2220c5f7, org.springframework.security.web.savedrequest.RequestCacheAwareFilter@4d4337f9, org.springframework.security.web.servletapi.SecurityContextHolderAwareRequestFilter@770c3ca2, org.springframework.security.web.authentication.AnonymousAuthenticationFilter@601ca994, org.springframework.security.web.session.SessionManagementFilter@642334d6, org.springframework.security.web.access.ExceptionTranslationFilter@627cb3ed, org.springframework.security.web.access.intercept.AuthorizationFilter@2d5b549b]
2024-12-18 22:09:27 [main] INFO  o.s.b.w.e.tomcat.TomcatWebServer - Tomcat started on port(s): 8080 (http) with context path '/api/v1'
2024-12-18 22:09:27 [main] INFO  c.ctoutweb.lalamiam.infra.Lalamiam - Started Lalamiam in 11.81 seconds (process running for 12.675)
2024-12-18 22:19:55 [SpringApplicationShutdownHook] INFO  o.s.o.j.LocalContainerEntityManagerFactoryBean - Closing JPA EntityManagerFactory for persistence unit 'default'
