2025-01-18 14:38:44 [HikariPool-1 housekeeper] WARN  com.zaxxer.hikari.pool.HikariPool - HikariPool-1 - Thread starvation or clock leap detected (housekeeper delta=1d17h4m35s218ms435µs400ns).
2025-01-18 14:51:14 [http-nio-8080-exec-1] DEBUG c.c.l.i.s.impl.CookieServiceImpl - Cookie samesite: Lax
2025-01-18 14:51:14 [http-nio-8080-exec-1] DEBUG c.c.l.i.s.impl.CookieServiceImpl - Cookie domain: customDomain
2025-01-18 14:51:14 [http-nio-8080-exec-1] DEBUG c.c.l.i.s.impl.CookieServiceImpl - Cookie secure: false
2025-01-18 14:51:14 [http-nio-8080-exec-1] DEBUG c.c.l.i.s.impl.CookieServiceImpl - Cookie path: /
2025-01-18 14:51:15 [http-nio-8080-exec-1] DEBUG c.c.l.i.s.impl.CookieServiceImpl - Cookie samesite: Lax
2025-01-18 14:51:15 [http-nio-8080-exec-1] DEBUG c.c.l.i.s.impl.CookieServiceImpl - Cookie domain: customDomain
2025-01-18 14:51:15 [http-nio-8080-exec-1] DEBUG c.c.l.i.s.impl.CookieServiceImpl - Cookie secure: false
2025-01-18 14:51:15 [http-nio-8080-exec-1] DEBUG c.c.l.i.s.impl.CookieServiceImpl - Cookie path: /
2025-01-18 14:51:15 [http-nio-8080-exec-3] DEBUG c.c.l.i.s.impl.CookieServiceImpl - Cookie samesite: Lax
2025-01-18 14:51:15 [http-nio-8080-exec-3] DEBUG c.c.l.i.s.impl.CookieServiceImpl - Cookie domain: customDomain
2025-01-18 14:51:15 [http-nio-8080-exec-3] DEBUG c.c.l.i.s.impl.CookieServiceImpl - Cookie secure: false
2025-01-18 14:51:15 [http-nio-8080-exec-3] DEBUG c.c.l.i.s.impl.CookieServiceImpl - Cookie path: /
2025-01-18 16:20:12 [http-nio-8080-exec-6] DEBUG c.c.l.i.s.impl.CookieServiceImpl - Cookie samesite: Lax
2025-01-18 16:20:12 [http-nio-8080-exec-6] DEBUG c.c.l.i.s.impl.CookieServiceImpl - Cookie domain: customDomain
2025-01-18 16:20:12 [http-nio-8080-exec-6] DEBUG c.c.l.i.s.impl.CookieServiceImpl - Cookie secure: false
2025-01-18 16:20:12 [http-nio-8080-exec-6] DEBUG c.c.l.i.s.impl.CookieServiceImpl - Cookie path: /
2025-01-18 16:20:13 [http-nio-8080-exec-6] DEBUG c.c.l.i.s.impl.CookieServiceImpl - Cookie samesite: Lax
2025-01-18 16:20:13 [http-nio-8080-exec-6] DEBUG c.c.l.i.s.impl.CookieServiceImpl - Cookie domain: customDomain
2025-01-18 16:20:13 [http-nio-8080-exec-6] DEBUG c.c.l.i.s.impl.CookieServiceImpl - Cookie secure: false
2025-01-18 16:20:13 [http-nio-8080-exec-6] DEBUG c.c.l.i.s.impl.CookieServiceImpl - Cookie path: /
2025-01-18 16:20:13 [http-nio-8080-exec-7] DEBUG c.c.l.i.s.impl.CookieServiceImpl - Cookie samesite: Lax
2025-01-18 16:20:13 [http-nio-8080-exec-7] DEBUG c.c.l.i.s.impl.CookieServiceImpl - Cookie domain: customDomain
2025-01-18 16:20:13 [http-nio-8080-exec-7] DEBUG c.c.l.i.s.impl.CookieServiceImpl - Cookie secure: false
2025-01-18 16:20:13 [http-nio-8080-exec-7] DEBUG c.c.l.i.s.impl.CookieServiceImpl - Cookie path: /
2025-01-18 16:21:10 [http-nio-8080-exec-1] DEBUG c.c.l.i.s.impl.CookieServiceImpl - Cookie samesite: Lax
2025-01-18 16:21:10 [http-nio-8080-exec-1] DEBUG c.c.l.i.s.impl.CookieServiceImpl - Cookie domain: customDomain
2025-01-18 16:21:10 [http-nio-8080-exec-1] DEBUG c.c.l.i.s.impl.CookieServiceImpl - Cookie secure: false
2025-01-18 16:21:10 [http-nio-8080-exec-1] DEBUG c.c.l.i.s.impl.CookieServiceImpl - Cookie path: /
2025-01-18 16:21:11 [http-nio-8080-exec-1] DEBUG c.c.l.i.s.impl.CookieServiceImpl - Cookie samesite: Lax
2025-01-18 16:21:11 [http-nio-8080-exec-1] DEBUG c.c.l.i.s.impl.CookieServiceImpl - Cookie domain: customDomain
2025-01-18 16:21:11 [http-nio-8080-exec-1] DEBUG c.c.l.i.s.impl.CookieServiceImpl - Cookie secure: false
2025-01-18 16:21:11 [http-nio-8080-exec-1] DEBUG c.c.l.i.s.impl.CookieServiceImpl - Cookie path: /
2025-01-18 16:21:11 [http-nio-8080-exec-3] DEBUG c.c.l.i.s.impl.CookieServiceImpl - Cookie samesite: Lax
2025-01-18 16:21:11 [http-nio-8080-exec-3] DEBUG c.c.l.i.s.impl.CookieServiceImpl - Cookie domain: customDomain
2025-01-18 16:21:11 [http-nio-8080-exec-3] DEBUG c.c.l.i.s.impl.CookieServiceImpl - Cookie secure: false
2025-01-18 16:21:11 [http-nio-8080-exec-3] DEBUG c.c.l.i.s.impl.CookieServiceImpl - Cookie path: /
2025-01-18 16:26:24 [SIGINT handler] DEBUG java.lang.Runtime - Runtime.exit() called with status: 130
java.lang.Throwable: Runtime.exit(130)
	at java.base/java.lang.Shutdown.logRuntimeExit(Shutdown.java:179)
	at java.base/java.lang.Shutdown.exit(Shutdown.java:160)
	at java.base/java.lang.Terminator$1.handle(Terminator.java:51)
	at java.base/jdk.internal.misc.Signal$1.run(Signal.java:218)
	at java.base/java.lang.Thread.run(Thread.java:1583)
2025-01-18 16:26:24 [SpringApplicationShutdownHook] INFO  o.s.o.j.LocalContainerEntityManagerFactoryBean - Closing JPA EntityManagerFactory for persistence unit 'default'
2025-01-18 16:26:41 [main] INFO  c.ctoutweb.lalamiam.infra.Lalamiam - Starting Lalamiam using Java 21.0.3 with PID 7544 (C:\Programmation\java\lalamiam_v2\infra\target\classes started by Administrateur in C:\Programmation\java\lalamiam_v2)
2025-01-18 16:26:41 [main] DEBUG c.ctoutweb.lalamiam.infra.Lalamiam - Running with Spring Boot v3.1.0, Spring v6.0.9
2025-01-18 16:26:41 [main] INFO  c.ctoutweb.lalamiam.infra.Lalamiam - No active profile set, falling back to 1 default profile: "default"
2025-01-18 16:26:44 [main] INFO  o.s.d.r.c.RepositoryConfigurationDelegate - Bootstrapping Spring Data JPA repositories in DEFAULT mode.
2025-01-18 16:26:44 [main] INFO  o.s.d.r.c.RepositoryConfigurationDelegate - Finished Spring Data repository scanning in 426 ms. Found 14 JPA repository interfaces.
2025-01-18 16:26:45 [main] DEBUG c.c.l.i.m.c.DynamicMessageSource - Clearing entire resource bundle cache
2025-01-18 16:26:46 [main] INFO  o.s.b.w.e.tomcat.TomcatWebServer - Tomcat initialized with port(s): 8080 (http)
2025-01-18 16:26:47 [main] INFO  o.s.b.w.s.c.ServletWebServerApplicationContext - Root WebApplicationContext: initialization completed in 5950 ms
2025-01-18 16:26:47 [main] DEBUG c.c.l.i.s.csrf.CustomCsrfFilter - Filter 'csrfFilter' configured for use
2025-01-18 16:26:50 [main] INFO  o.s.o.j.p.SpringPersistenceUnitInfo - No LoadTimeWeaver setup: ignoring JPA class transformer
2025-01-18 16:26:54 [main] INFO  o.s.o.j.LocalContainerEntityManagerFactoryBean - Initialized JPA EntityManagerFactory for persistence unit 'default'
2025-01-18 16:26:56 [main] WARN  o.s.b.a.o.j.JpaBaseConfiguration$JpaWebConfiguration - spring.jpa.open-in-view is enabled by default. Therefore, database queries may be performed during view rendering. Explicitly configure spring.jpa.open-in-view to disable this warning
2025-01-18 16:26:56 [main] DEBUG _.s.w.s.HandlerMapping.Mappings - 
	c.c.l.i.c.AdminController:
	{GET [/admin/get-professional-documents]}: getProfessionalDocuement()
2025-01-18 16:26:56 [main] DEBUG _.s.w.s.HandlerMapping.Mappings - 
	c.c.l.i.c.AuthController:
	{POST [/auth/register-professional]}: registerProfessional(RegisterProfessionalDto)
	{POST [/auth/register-client]}: registerClient(RegisterClientDto)
	{GET [/auth/generate-captcha]}: generateCaptcha(HttpServletRequest,HttpServletResponse)
	{GET [/auth/app-param]}: getAppParam()
	{POST [/auth/login]}: login(LoginDto)
	{GET [/auth/generate-csrf]}: csrfToken(HttpServletRequest,HttpServletResponse)
2025-01-18 16:26:56 [main] DEBUG _.s.w.s.HandlerMapping.Mappings - 
	o.s.b.a.w.s.e.BasicErrorController:
	{ [/error]}: error(HttpServletRequest)
	{ [/error], produces [text/html]}: errorHtml(HttpServletRequest,HttpServletResponse)
2025-01-18 16:26:56 [main] DEBUG _.s.w.s.HandlerMapping.Mappings - 'beanNameHandlerMapping' {}
2025-01-18 16:26:56 [main] DEBUG _.s.w.s.HandlerMapping.Mappings - 'resourceHandlerMapping' {/webjars/**=ResourceHttpRequestHandler [classpath [META-INF/resources/webjars/]], /**=ResourceHttpRequestHandler [classpath [META-INF/resources/], classpath [resources/], classpath [static/], classpath [public/], ServletContext [/]]}
2025-01-18 16:26:57 [main] INFO  o.s.s.web.DefaultSecurityFilterChain - Will secure any request with [org.springframework.security.web.session.DisableEncodeUrlFilter@30b075b9, org.springframework.security.web.context.request.async.WebAsyncManagerIntegrationFilter@510e0dd2, org.springframework.security.web.context.SecurityContextHolderFilter@4f239a76, org.springframework.security.web.header.HeaderWriterFilter@17810908, org.springframework.web.filter.CorsFilter@54a98358, com.ctoutweb.lalamiam.infra.security.csrf.CustomCsrfFilter@306c7bf6, org.springframework.security.web.authentication.logout.LogoutFilter@6109366a, org.springframework.security.web.savedrequest.RequestCacheAwareFilter@419c70f6, org.springframework.security.web.servletapi.SecurityContextHolderAwareRequestFilter@6a887649, org.springframework.security.web.authentication.AnonymousAuthenticationFilter@1f7853af, org.springframework.security.web.session.SessionManagementFilter@a1be5cb, org.springframework.security.web.access.ExceptionTranslationFilter@8a8cab8, org.springframework.security.web.access.intercept.AuthorizationFilter@6f51d1cc]
2025-01-18 16:26:57 [main] INFO  o.s.b.w.e.tomcat.TomcatWebServer - Tomcat started on port(s): 8080 (http) with context path '/api/v1'
2025-01-18 16:26:57 [main] INFO  c.ctoutweb.lalamiam.infra.Lalamiam - Started Lalamiam in 17.825 seconds (process running for 19.41)
2025-01-18 16:27:08 [http-nio-8080-exec-1] INFO  o.s.web.servlet.DispatcherServlet - Initializing Servlet 'dispatcherServlet'
2025-01-18 16:27:08 [http-nio-8080-exec-1] INFO  o.s.web.servlet.DispatcherServlet - Completed initialization in 5 ms
2025-01-18 16:32:23 [http-nio-8080-exec-6] DEBUG c.c.l.i.s.impl.CookieServiceImpl - Cookie samesite: Lax
2025-01-18 16:32:23 [http-nio-8080-exec-6] DEBUG c.c.l.i.s.impl.CookieServiceImpl - Cookie domain: customDomain
2025-01-18 16:32:23 [http-nio-8080-exec-6] DEBUG c.c.l.i.s.impl.CookieServiceImpl - Cookie secure: false
2025-01-18 16:32:23 [http-nio-8080-exec-6] DEBUG c.c.l.i.s.impl.CookieServiceImpl - Cookie path: /
2025-01-18 16:32:23 [http-nio-8080-exec-6] DEBUG c.c.l.i.s.impl.CookieServiceImpl - Cookie samesite: Lax
2025-01-18 16:32:23 [http-nio-8080-exec-6] DEBUG c.c.l.i.s.impl.CookieServiceImpl - Cookie domain: customDomain
2025-01-18 16:32:23 [http-nio-8080-exec-6] DEBUG c.c.l.i.s.impl.CookieServiceImpl - Cookie secure: false
2025-01-18 16:32:23 [http-nio-8080-exec-6] DEBUG c.c.l.i.s.impl.CookieServiceImpl - Cookie path: /
2025-01-18 16:32:23 [http-nio-8080-exec-8] DEBUG c.c.l.i.s.impl.CookieServiceImpl - Cookie samesite: Lax
2025-01-18 16:32:23 [http-nio-8080-exec-8] DEBUG c.c.l.i.s.impl.CookieServiceImpl - Cookie domain: customDomain
2025-01-18 16:32:23 [http-nio-8080-exec-8] DEBUG c.c.l.i.s.impl.CookieServiceImpl - Cookie secure: false
2025-01-18 16:32:23 [http-nio-8080-exec-8] DEBUG c.c.l.i.s.impl.CookieServiceImpl - Cookie path: /
2025-01-18 16:34:31 [http-nio-8080-exec-4] DEBUG c.c.l.i.s.impl.CookieServiceImpl - Cookie samesite: Lax
2025-01-18 16:34:31 [http-nio-8080-exec-4] DEBUG c.c.l.i.s.impl.CookieServiceImpl - Cookie domain: customDomain
2025-01-18 16:34:31 [http-nio-8080-exec-4] DEBUG c.c.l.i.s.impl.CookieServiceImpl - Cookie secure: false
2025-01-18 16:34:31 [http-nio-8080-exec-4] DEBUG c.c.l.i.s.impl.CookieServiceImpl - Cookie path: /
2025-01-18 16:34:31 [http-nio-8080-exec-4] DEBUG c.c.l.i.s.impl.CookieServiceImpl - Cookie samesite: Lax
2025-01-18 16:34:31 [http-nio-8080-exec-4] DEBUG c.c.l.i.s.impl.CookieServiceImpl - Cookie domain: customDomain
2025-01-18 16:34:31 [http-nio-8080-exec-4] DEBUG c.c.l.i.s.impl.CookieServiceImpl - Cookie secure: false
2025-01-18 16:34:31 [http-nio-8080-exec-4] DEBUG c.c.l.i.s.impl.CookieServiceImpl - Cookie path: /
2025-01-18 16:34:31 [http-nio-8080-exec-6] DEBUG c.c.l.i.s.impl.CookieServiceImpl - Cookie samesite: Lax
2025-01-18 16:34:31 [http-nio-8080-exec-6] DEBUG c.c.l.i.s.impl.CookieServiceImpl - Cookie domain: customDomain
2025-01-18 16:34:31 [http-nio-8080-exec-6] DEBUG c.c.l.i.s.impl.CookieServiceImpl - Cookie secure: false
2025-01-18 16:34:31 [http-nio-8080-exec-6] DEBUG c.c.l.i.s.impl.CookieServiceImpl - Cookie path: /
2025-01-18 16:36:06 [http-nio-8080-exec-4] DEBUG c.c.l.i.s.impl.CookieServiceImpl - Cookie samesite: Lax
2025-01-18 16:36:06 [http-nio-8080-exec-4] DEBUG c.c.l.i.s.impl.CookieServiceImpl - Cookie domain: customDomain
2025-01-18 16:36:06 [http-nio-8080-exec-4] DEBUG c.c.l.i.s.impl.CookieServiceImpl - Cookie secure: false
2025-01-18 16:36:06 [http-nio-8080-exec-4] DEBUG c.c.l.i.s.impl.CookieServiceImpl - Cookie path: /
2025-01-18 16:36:07 [http-nio-8080-exec-4] DEBUG c.c.l.i.s.impl.CookieServiceImpl - Cookie samesite: Lax
2025-01-18 16:36:07 [http-nio-8080-exec-4] DEBUG c.c.l.i.s.impl.CookieServiceImpl - Cookie domain: customDomain
2025-01-18 16:36:07 [http-nio-8080-exec-4] DEBUG c.c.l.i.s.impl.CookieServiceImpl - Cookie secure: false
2025-01-18 16:36:07 [http-nio-8080-exec-4] DEBUG c.c.l.i.s.impl.CookieServiceImpl - Cookie path: /
2025-01-18 16:36:07 [http-nio-8080-exec-6] DEBUG c.c.l.i.s.impl.CookieServiceImpl - Cookie samesite: Lax
2025-01-18 16:36:07 [http-nio-8080-exec-6] DEBUG c.c.l.i.s.impl.CookieServiceImpl - Cookie domain: customDomain
2025-01-18 16:36:07 [http-nio-8080-exec-6] DEBUG c.c.l.i.s.impl.CookieServiceImpl - Cookie secure: false
2025-01-18 16:36:07 [http-nio-8080-exec-6] DEBUG c.c.l.i.s.impl.CookieServiceImpl - Cookie path: /
2025-01-18 16:45:14 [http-nio-8080-exec-4] DEBUG c.c.l.i.s.impl.CookieServiceImpl - Cookie samesite: Lax
2025-01-18 16:45:14 [http-nio-8080-exec-4] DEBUG c.c.l.i.s.impl.CookieServiceImpl - Cookie domain: customDomain
2025-01-18 16:45:14 [http-nio-8080-exec-4] DEBUG c.c.l.i.s.impl.CookieServiceImpl - Cookie secure: false
2025-01-18 16:45:14 [http-nio-8080-exec-4] DEBUG c.c.l.i.s.impl.CookieServiceImpl - Cookie path: /
2025-01-18 16:45:14 [http-nio-8080-exec-4] DEBUG c.c.l.i.s.impl.CookieServiceImpl - Cookie samesite: Lax
2025-01-18 16:45:14 [http-nio-8080-exec-4] DEBUG c.c.l.i.s.impl.CookieServiceImpl - Cookie domain: customDomain
2025-01-18 16:45:14 [http-nio-8080-exec-4] DEBUG c.c.l.i.s.impl.CookieServiceImpl - Cookie secure: false
2025-01-18 16:45:14 [http-nio-8080-exec-4] DEBUG c.c.l.i.s.impl.CookieServiceImpl - Cookie path: /
2025-01-18 16:45:15 [http-nio-8080-exec-6] DEBUG c.c.l.i.s.impl.CookieServiceImpl - Cookie samesite: Lax
2025-01-18 16:45:15 [http-nio-8080-exec-6] DEBUG c.c.l.i.s.impl.CookieServiceImpl - Cookie domain: customDomain
2025-01-18 16:45:15 [http-nio-8080-exec-6] DEBUG c.c.l.i.s.impl.CookieServiceImpl - Cookie secure: false
2025-01-18 16:45:15 [http-nio-8080-exec-6] DEBUG c.c.l.i.s.impl.CookieServiceImpl - Cookie path: /
2025-01-18 16:46:56 [http-nio-8080-exec-10] DEBUG c.c.l.i.s.impl.CookieServiceImpl - Cookie samesite: Lax
2025-01-18 16:46:56 [http-nio-8080-exec-10] DEBUG c.c.l.i.s.impl.CookieServiceImpl - Cookie domain: customDomain
2025-01-18 16:46:56 [http-nio-8080-exec-10] DEBUG c.c.l.i.s.impl.CookieServiceImpl - Cookie secure: false
2025-01-18 16:46:56 [http-nio-8080-exec-10] DEBUG c.c.l.i.s.impl.CookieServiceImpl - Cookie path: /
2025-01-18 16:46:56 [http-nio-8080-exec-10] DEBUG c.c.l.i.s.impl.CookieServiceImpl - Cookie samesite: Lax
2025-01-18 16:46:56 [http-nio-8080-exec-10] DEBUG c.c.l.i.s.impl.CookieServiceImpl - Cookie domain: customDomain
2025-01-18 16:46:56 [http-nio-8080-exec-10] DEBUG c.c.l.i.s.impl.CookieServiceImpl - Cookie secure: false
2025-01-18 16:46:56 [http-nio-8080-exec-10] DEBUG c.c.l.i.s.impl.CookieServiceImpl - Cookie path: /
2025-01-18 16:46:56 [http-nio-8080-exec-2] DEBUG c.c.l.i.s.impl.CookieServiceImpl - Cookie samesite: Lax
2025-01-18 16:46:56 [http-nio-8080-exec-2] DEBUG c.c.l.i.s.impl.CookieServiceImpl - Cookie domain: customDomain
2025-01-18 16:46:56 [http-nio-8080-exec-2] DEBUG c.c.l.i.s.impl.CookieServiceImpl - Cookie secure: false
2025-01-18 16:46:56 [http-nio-8080-exec-2] DEBUG c.c.l.i.s.impl.CookieServiceImpl - Cookie path: /
2025-01-18 16:51:12 [http-nio-8080-exec-10] DEBUG c.c.l.i.s.impl.CookieServiceImpl - Cookie samesite: Lax
2025-01-18 16:51:12 [http-nio-8080-exec-10] DEBUG c.c.l.i.s.impl.CookieServiceImpl - Cookie domain: customDomain
2025-01-18 16:51:12 [http-nio-8080-exec-10] DEBUG c.c.l.i.s.impl.CookieServiceImpl - Cookie secure: false
2025-01-18 16:51:12 [http-nio-8080-exec-10] DEBUG c.c.l.i.s.impl.CookieServiceImpl - Cookie path: /
2025-01-18 16:51:13 [http-nio-8080-exec-10] DEBUG c.c.l.i.s.impl.CookieServiceImpl - Cookie samesite: Lax
2025-01-18 16:51:13 [http-nio-8080-exec-10] DEBUG c.c.l.i.s.impl.CookieServiceImpl - Cookie domain: customDomain
2025-01-18 16:51:13 [http-nio-8080-exec-10] DEBUG c.c.l.i.s.impl.CookieServiceImpl - Cookie secure: false
2025-01-18 16:51:13 [http-nio-8080-exec-10] DEBUG c.c.l.i.s.impl.CookieServiceImpl - Cookie path: /
2025-01-18 16:51:26 [http-nio-8080-exec-2] DEBUG c.c.l.i.s.impl.CookieServiceImpl - Cookie samesite: Lax
2025-01-18 16:51:26 [http-nio-8080-exec-2] DEBUG c.c.l.i.s.impl.CookieServiceImpl - Cookie domain: customDomain
2025-01-18 16:51:26 [http-nio-8080-exec-2] DEBUG c.c.l.i.s.impl.CookieServiceImpl - Cookie secure: false
2025-01-18 16:51:26 [http-nio-8080-exec-2] DEBUG c.c.l.i.s.impl.CookieServiceImpl - Cookie path: /
2025-01-18 17:01:00 [http-nio-8080-exec-10] ERROR c.c.l.i.s.csrf.CustomCsrfFilter - CSRF token ou COOKIE token == null
2025-01-18 17:03:01 [http-nio-8080-exec-4] DEBUG c.c.l.i.s.impl.CookieServiceImpl - Cookie samesite: Lax
2025-01-18 17:03:01 [http-nio-8080-exec-4] DEBUG c.c.l.i.s.impl.CookieServiceImpl - Cookie domain: customDomain
2025-01-18 17:03:01 [http-nio-8080-exec-4] DEBUG c.c.l.i.s.impl.CookieServiceImpl - Cookie secure: false
2025-01-18 17:03:01 [http-nio-8080-exec-4] DEBUG c.c.l.i.s.impl.CookieServiceImpl - Cookie path: /
2025-01-18 17:03:01 [http-nio-8080-exec-4] DEBUG c.c.l.i.s.impl.CookieServiceImpl - Cookie samesite: Lax
2025-01-18 17:03:01 [http-nio-8080-exec-4] DEBUG c.c.l.i.s.impl.CookieServiceImpl - Cookie domain: customDomain
2025-01-18 17:03:01 [http-nio-8080-exec-4] DEBUG c.c.l.i.s.impl.CookieServiceImpl - Cookie secure: false
2025-01-18 17:03:01 [http-nio-8080-exec-4] DEBUG c.c.l.i.s.impl.CookieServiceImpl - Cookie path: /
2025-01-18 17:03:45 [http-nio-8080-exec-5] DEBUG c.c.l.i.s.impl.CookieServiceImpl - Cookie samesite: Lax
2025-01-18 17:03:45 [http-nio-8080-exec-5] DEBUG c.c.l.i.s.impl.CookieServiceImpl - Cookie domain: customDomain
2025-01-18 17:03:45 [http-nio-8080-exec-5] DEBUG c.c.l.i.s.impl.CookieServiceImpl - Cookie secure: false
2025-01-18 17:03:45 [http-nio-8080-exec-5] DEBUG c.c.l.i.s.impl.CookieServiceImpl - Cookie path: /
2025-01-18 17:03:45 [http-nio-8080-exec-5] DEBUG c.c.l.i.s.impl.CookieServiceImpl - Cookie samesite: Lax
2025-01-18 17:03:45 [http-nio-8080-exec-5] DEBUG c.c.l.i.s.impl.CookieServiceImpl - Cookie domain: customDomain
2025-01-18 17:03:45 [http-nio-8080-exec-5] DEBUG c.c.l.i.s.impl.CookieServiceImpl - Cookie secure: false
2025-01-18 17:03:45 [http-nio-8080-exec-5] DEBUG c.c.l.i.s.impl.CookieServiceImpl - Cookie path: /
2025-01-18 17:03:45 [http-nio-8080-exec-8] DEBUG c.c.l.i.s.impl.CookieServiceImpl - Cookie samesite: Lax
2025-01-18 17:03:45 [http-nio-8080-exec-8] DEBUG c.c.l.i.s.impl.CookieServiceImpl - Cookie domain: customDomain
2025-01-18 17:03:45 [http-nio-8080-exec-8] DEBUG c.c.l.i.s.impl.CookieServiceImpl - Cookie secure: false
2025-01-18 17:03:45 [http-nio-8080-exec-8] DEBUG c.c.l.i.s.impl.CookieServiceImpl - Cookie path: /
2025-01-18 17:03:54 [http-nio-8080-exec-9] ERROR c.c.l.i.exception.HandlerException - AuthException Erreur: Email or password unvalid, 3 more tests available
2025-01-18 17:03:58 [http-nio-8080-exec-1] ERROR c.c.l.i.exception.HandlerException - AuthException Erreur: Email or password unvalid, 2 more tests available
2025-01-18 17:05:15 [http-nio-8080-exec-3] DEBUG c.c.l.i.s.impl.CookieServiceImpl - Cookie samesite: Lax
2025-01-18 17:05:15 [http-nio-8080-exec-3] DEBUG c.c.l.i.s.impl.CookieServiceImpl - Cookie domain: customDomain
2025-01-18 17:05:15 [http-nio-8080-exec-3] DEBUG c.c.l.i.s.impl.CookieServiceImpl - Cookie secure: false
2025-01-18 17:05:15 [http-nio-8080-exec-3] DEBUG c.c.l.i.s.impl.CookieServiceImpl - Cookie path: /
2025-01-18 17:05:15 [http-nio-8080-exec-3] DEBUG c.c.l.i.s.impl.CookieServiceImpl - Cookie samesite: Lax
2025-01-18 17:05:15 [http-nio-8080-exec-3] DEBUG c.c.l.i.s.impl.CookieServiceImpl - Cookie domain: customDomain
2025-01-18 17:05:15 [http-nio-8080-exec-3] DEBUG c.c.l.i.s.impl.CookieServiceImpl - Cookie secure: false
2025-01-18 17:05:15 [http-nio-8080-exec-3] DEBUG c.c.l.i.s.impl.CookieServiceImpl - Cookie path: /
2025-01-18 17:05:15 [http-nio-8080-exec-6] DEBUG c.c.l.i.s.impl.CookieServiceImpl - Cookie samesite: Lax
2025-01-18 17:05:15 [http-nio-8080-exec-6] DEBUG c.c.l.i.s.impl.CookieServiceImpl - Cookie domain: customDomain
2025-01-18 17:05:15 [http-nio-8080-exec-6] DEBUG c.c.l.i.s.impl.CookieServiceImpl - Cookie secure: false
2025-01-18 17:05:15 [http-nio-8080-exec-6] DEBUG c.c.l.i.s.impl.CookieServiceImpl - Cookie path: /
2025-01-18 17:05:21 [http-nio-8080-exec-7] ERROR c.c.l.i.exception.HandlerException - AuthException Erreur: Email or password unvalid
2025-01-18 17:06:23 [http-nio-8080-exec-1] DEBUG c.c.l.i.s.impl.CookieServiceImpl - Cookie samesite: Lax
2025-01-18 17:06:23 [http-nio-8080-exec-1] DEBUG c.c.l.i.s.impl.CookieServiceImpl - Cookie domain: customDomain
2025-01-18 17:06:23 [http-nio-8080-exec-1] DEBUG c.c.l.i.s.impl.CookieServiceImpl - Cookie secure: false
2025-01-18 17:06:23 [http-nio-8080-exec-1] DEBUG c.c.l.i.s.impl.CookieServiceImpl - Cookie path: /
2025-01-18 17:06:23 [http-nio-8080-exec-1] DEBUG c.c.l.i.s.impl.CookieServiceImpl - Cookie samesite: Lax
2025-01-18 17:06:23 [http-nio-8080-exec-1] DEBUG c.c.l.i.s.impl.CookieServiceImpl - Cookie domain: customDomain
2025-01-18 17:06:23 [http-nio-8080-exec-1] DEBUG c.c.l.i.s.impl.CookieServiceImpl - Cookie secure: false
2025-01-18 17:06:23 [http-nio-8080-exec-1] DEBUG c.c.l.i.s.impl.CookieServiceImpl - Cookie path: /
2025-01-18 17:06:24 [http-nio-8080-exec-4] DEBUG c.c.l.i.s.impl.CookieServiceImpl - Cookie samesite: Lax
2025-01-18 17:06:24 [http-nio-8080-exec-4] DEBUG c.c.l.i.s.impl.CookieServiceImpl - Cookie domain: customDomain
2025-01-18 17:06:24 [http-nio-8080-exec-4] DEBUG c.c.l.i.s.impl.CookieServiceImpl - Cookie secure: false
2025-01-18 17:06:24 [http-nio-8080-exec-4] DEBUG c.c.l.i.s.impl.CookieServiceImpl - Cookie path: /
2025-01-18 17:06:27 [http-nio-8080-exec-5] ERROR c.c.l.i.exception.HandlerException - AuthException Erreur: Email or password unvalid
2025-01-18 17:07:06 [http-nio-8080-exec-8] DEBUG c.c.l.i.s.impl.CookieServiceImpl - Cookie samesite: Lax
2025-01-18 17:07:06 [http-nio-8080-exec-8] DEBUG c.c.l.i.s.impl.CookieServiceImpl - Cookie domain: customDomain
2025-01-18 17:07:06 [http-nio-8080-exec-8] DEBUG c.c.l.i.s.impl.CookieServiceImpl - Cookie secure: false
2025-01-18 17:07:06 [http-nio-8080-exec-8] DEBUG c.c.l.i.s.impl.CookieServiceImpl - Cookie path: /
2025-01-18 17:07:06 [http-nio-8080-exec-8] DEBUG c.c.l.i.s.impl.CookieServiceImpl - Cookie samesite: Lax
2025-01-18 17:07:06 [http-nio-8080-exec-8] DEBUG c.c.l.i.s.impl.CookieServiceImpl - Cookie domain: customDomain
2025-01-18 17:07:06 [http-nio-8080-exec-8] DEBUG c.c.l.i.s.impl.CookieServiceImpl - Cookie secure: false
2025-01-18 17:07:06 [http-nio-8080-exec-8] DEBUG c.c.l.i.s.impl.CookieServiceImpl - Cookie path: /
2025-01-18 17:07:07 [http-nio-8080-exec-9] DEBUG c.c.l.i.s.impl.CookieServiceImpl - Cookie samesite: Lax
2025-01-18 17:07:07 [http-nio-8080-exec-9] DEBUG c.c.l.i.s.impl.CookieServiceImpl - Cookie domain: customDomain
2025-01-18 17:07:07 [http-nio-8080-exec-9] DEBUG c.c.l.i.s.impl.CookieServiceImpl - Cookie secure: false
2025-01-18 17:07:07 [http-nio-8080-exec-9] DEBUG c.c.l.i.s.impl.CookieServiceImpl - Cookie path: /
2025-01-18 17:07:10 [http-nio-8080-exec-1] ERROR c.c.l.i.exception.HandlerException - AuthException Erreur: Email or password unvalid
2025-01-18 17:07:22 [http-nio-8080-exec-4] DEBUG c.c.l.i.s.impl.CookieServiceImpl - Cookie samesite: Lax
2025-01-18 17:07:22 [http-nio-8080-exec-4] DEBUG c.c.l.i.s.impl.CookieServiceImpl - Cookie domain: customDomain
2025-01-18 17:07:22 [http-nio-8080-exec-4] DEBUG c.c.l.i.s.impl.CookieServiceImpl - Cookie secure: false
2025-01-18 17:07:22 [http-nio-8080-exec-4] DEBUG c.c.l.i.s.impl.CookieServiceImpl - Cookie path: /
2025-01-18 17:07:22 [http-nio-8080-exec-4] DEBUG c.c.l.i.s.impl.CookieServiceImpl - Cookie samesite: Lax
2025-01-18 17:07:22 [http-nio-8080-exec-4] DEBUG c.c.l.i.s.impl.CookieServiceImpl - Cookie domain: customDomain
2025-01-18 17:07:22 [http-nio-8080-exec-4] DEBUG c.c.l.i.s.impl.CookieServiceImpl - Cookie secure: false
2025-01-18 17:07:22 [http-nio-8080-exec-4] DEBUG c.c.l.i.s.impl.CookieServiceImpl - Cookie path: /
2025-01-18 17:07:22 [http-nio-8080-exec-5] DEBUG c.c.l.i.s.impl.CookieServiceImpl - Cookie samesite: Lax
2025-01-18 17:07:22 [http-nio-8080-exec-5] DEBUG c.c.l.i.s.impl.CookieServiceImpl - Cookie domain: customDomain
2025-01-18 17:07:22 [http-nio-8080-exec-5] DEBUG c.c.l.i.s.impl.CookieServiceImpl - Cookie secure: false
2025-01-18 17:07:22 [http-nio-8080-exec-5] DEBUG c.c.l.i.s.impl.CookieServiceImpl - Cookie path: /
2025-01-18 17:07:27 [http-nio-8080-exec-8] ERROR c.c.l.i.exception.HandlerException - AuthException Erreur: Email or password unvalid
2025-01-18 17:07:45 [http-nio-8080-exec-9] DEBUG c.c.l.i.s.impl.CookieServiceImpl - Cookie samesite: Lax
2025-01-18 17:07:45 [http-nio-8080-exec-9] DEBUG c.c.l.i.s.impl.CookieServiceImpl - Cookie domain: customDomain
2025-01-18 17:07:45 [http-nio-8080-exec-9] DEBUG c.c.l.i.s.impl.CookieServiceImpl - Cookie secure: false
2025-01-18 17:07:45 [http-nio-8080-exec-9] DEBUG c.c.l.i.s.impl.CookieServiceImpl - Cookie path: /
2025-01-18 17:07:45 [http-nio-8080-exec-9] DEBUG c.c.l.i.s.impl.CookieServiceImpl - Cookie samesite: Lax
2025-01-18 17:07:45 [http-nio-8080-exec-9] DEBUG c.c.l.i.s.impl.CookieServiceImpl - Cookie domain: customDomain
2025-01-18 17:07:45 [http-nio-8080-exec-9] DEBUG c.c.l.i.s.impl.CookieServiceImpl - Cookie secure: false
2025-01-18 17:07:45 [http-nio-8080-exec-9] DEBUG c.c.l.i.s.impl.CookieServiceImpl - Cookie path: /
2025-01-18 17:07:45 [http-nio-8080-exec-1] DEBUG c.c.l.i.s.impl.CookieServiceImpl - Cookie samesite: Lax
2025-01-18 17:07:45 [http-nio-8080-exec-1] DEBUG c.c.l.i.s.impl.CookieServiceImpl - Cookie domain: customDomain
2025-01-18 17:07:45 [http-nio-8080-exec-1] DEBUG c.c.l.i.s.impl.CookieServiceImpl - Cookie secure: false
2025-01-18 17:07:45 [http-nio-8080-exec-1] DEBUG c.c.l.i.s.impl.CookieServiceImpl - Cookie path: /
2025-01-18 17:07:55 [http-nio-8080-exec-4] ERROR c.c.l.i.exception.HandlerException - AuthException Erreur: Email or password unvalid
2025-01-18 17:10:50 [http-nio-8080-exec-9] DEBUG c.c.l.i.s.impl.CookieServiceImpl - Cookie samesite: Lax
2025-01-18 17:10:50 [http-nio-8080-exec-9] DEBUG c.c.l.i.s.impl.CookieServiceImpl - Cookie domain: customDomain
2025-01-18 17:10:50 [http-nio-8080-exec-9] DEBUG c.c.l.i.s.impl.CookieServiceImpl - Cookie secure: false
2025-01-18 17:10:50 [http-nio-8080-exec-9] DEBUG c.c.l.i.s.impl.CookieServiceImpl - Cookie path: /
2025-01-18 17:10:50 [http-nio-8080-exec-9] DEBUG c.c.l.i.s.impl.CookieServiceImpl - Cookie samesite: Lax
2025-01-18 17:10:50 [http-nio-8080-exec-9] DEBUG c.c.l.i.s.impl.CookieServiceImpl - Cookie domain: customDomain
2025-01-18 17:10:50 [http-nio-8080-exec-9] DEBUG c.c.l.i.s.impl.CookieServiceImpl - Cookie secure: false
2025-01-18 17:10:50 [http-nio-8080-exec-9] DEBUG c.c.l.i.s.impl.CookieServiceImpl - Cookie path: /
2025-01-18 17:10:50 [http-nio-8080-exec-1] DEBUG c.c.l.i.s.impl.CookieServiceImpl - Cookie samesite: Lax
2025-01-18 17:10:50 [http-nio-8080-exec-1] DEBUG c.c.l.i.s.impl.CookieServiceImpl - Cookie domain: customDomain
2025-01-18 17:10:50 [http-nio-8080-exec-1] DEBUG c.c.l.i.s.impl.CookieServiceImpl - Cookie secure: false
2025-01-18 17:10:50 [http-nio-8080-exec-1] DEBUG c.c.l.i.s.impl.CookieServiceImpl - Cookie path: /
2025-01-18 17:12:50 [http-nio-8080-exec-5] DEBUG c.c.l.i.s.impl.CookieServiceImpl - Cookie samesite: Lax
2025-01-18 17:12:50 [http-nio-8080-exec-5] DEBUG c.c.l.i.s.impl.CookieServiceImpl - Cookie domain: customDomain
2025-01-18 17:12:50 [http-nio-8080-exec-5] DEBUG c.c.l.i.s.impl.CookieServiceImpl - Cookie secure: false
2025-01-18 17:12:50 [http-nio-8080-exec-5] DEBUG c.c.l.i.s.impl.CookieServiceImpl - Cookie path: /
2025-01-18 17:12:50 [http-nio-8080-exec-5] DEBUG c.c.l.i.s.impl.CookieServiceImpl - Cookie samesite: Lax
2025-01-18 17:12:50 [http-nio-8080-exec-5] DEBUG c.c.l.i.s.impl.CookieServiceImpl - Cookie domain: customDomain
2025-01-18 17:12:50 [http-nio-8080-exec-5] DEBUG c.c.l.i.s.impl.CookieServiceImpl - Cookie secure: false
2025-01-18 17:12:50 [http-nio-8080-exec-5] DEBUG c.c.l.i.s.impl.CookieServiceImpl - Cookie path: /
2025-01-18 17:12:50 [http-nio-8080-exec-8] DEBUG c.c.l.i.s.impl.CookieServiceImpl - Cookie samesite: Lax
2025-01-18 17:12:50 [http-nio-8080-exec-8] DEBUG c.c.l.i.s.impl.CookieServiceImpl - Cookie domain: customDomain
2025-01-18 17:12:50 [http-nio-8080-exec-8] DEBUG c.c.l.i.s.impl.CookieServiceImpl - Cookie secure: false
2025-01-18 17:12:50 [http-nio-8080-exec-8] DEBUG c.c.l.i.s.impl.CookieServiceImpl - Cookie path: /
2025-01-18 17:12:59 [http-nio-8080-exec-9] ERROR c.c.l.i.exception.HandlerException - AuthException Erreur: Email or password unvalid
2025-01-18 17:13:00 [http-nio-8080-exec-1] ERROR c.c.l.i.exception.HandlerException - AuthException Erreur: Email or password unvalid
2025-01-18 17:13:01 [http-nio-8080-exec-4] ERROR c.c.l.i.exception.HandlerException - AuthException Erreur: Email or password unvalid
2025-01-18 17:13:01 [http-nio-8080-exec-5] ERROR c.c.l.i.exception.HandlerException - AuthException Erreur: Email or password unvalid
2025-01-18 17:13:01 [http-nio-8080-exec-8] ERROR c.c.l.i.exception.HandlerException - AuthException Erreur: Email or password unvalid
2025-01-18 17:16:34 [http-nio-8080-exec-10] DEBUG c.c.l.i.s.impl.CookieServiceImpl - Cookie samesite: Lax
2025-01-18 17:16:34 [http-nio-8080-exec-10] DEBUG c.c.l.i.s.impl.CookieServiceImpl - Cookie domain: customDomain
2025-01-18 17:16:34 [http-nio-8080-exec-10] DEBUG c.c.l.i.s.impl.CookieServiceImpl - Cookie secure: false
2025-01-18 17:16:34 [http-nio-8080-exec-10] DEBUG c.c.l.i.s.impl.CookieServiceImpl - Cookie path: /
2025-01-18 17:16:34 [http-nio-8080-exec-10] DEBUG c.c.l.i.s.impl.CookieServiceImpl - Cookie samesite: Lax
2025-01-18 17:16:34 [http-nio-8080-exec-10] DEBUG c.c.l.i.s.impl.CookieServiceImpl - Cookie domain: customDomain
2025-01-18 17:16:34 [http-nio-8080-exec-10] DEBUG c.c.l.i.s.impl.CookieServiceImpl - Cookie secure: false
2025-01-18 17:16:34 [http-nio-8080-exec-10] DEBUG c.c.l.i.s.impl.CookieServiceImpl - Cookie path: /
2025-01-18 17:16:34 [http-nio-8080-exec-2] DEBUG c.c.l.i.s.impl.CookieServiceImpl - Cookie samesite: Lax
2025-01-18 17:16:34 [http-nio-8080-exec-2] DEBUG c.c.l.i.s.impl.CookieServiceImpl - Cookie domain: customDomain
2025-01-18 17:16:34 [http-nio-8080-exec-2] DEBUG c.c.l.i.s.impl.CookieServiceImpl - Cookie secure: false
2025-01-18 17:16:34 [http-nio-8080-exec-2] DEBUG c.c.l.i.s.impl.CookieServiceImpl - Cookie path: /
2025-01-18 17:16:45 [http-nio-8080-exec-3] ERROR c.c.l.i.exception.HandlerException - AuthException Erreur: Email or password unvalid
2025-01-18 17:16:46 [http-nio-8080-exec-6] ERROR c.c.l.i.exception.HandlerException - AuthException Erreur: Email or password unvalid
2025-01-18 17:16:46 [http-nio-8080-exec-7] ERROR c.c.l.i.exception.HandlerException - AuthException Erreur: Email or password unvalid
2025-01-18 17:16:46 [http-nio-8080-exec-10] ERROR c.c.l.i.exception.HandlerException - AuthException Erreur: Email or password unvalid
2025-01-18 17:16:46 [http-nio-8080-exec-2] ERROR c.c.l.i.exception.HandlerException - AuthException Erreur: Email or password unvalid
2025-01-18 17:16:47 [http-nio-8080-exec-3] ERROR c.c.l.i.exception.HandlerException - AuthException Erreur: Email or password unvalid
2025-01-18 17:16:47 [http-nio-8080-exec-6] ERROR c.c.l.i.exception.HandlerException - AuthException Erreur: Email or password unvalid
2025-01-18 17:16:47 [http-nio-8080-exec-7] ERROR c.c.l.i.exception.HandlerException - AuthException Erreur: Email or password unvalid
2025-01-18 17:17:11 [http-nio-8080-exec-10] ERROR c.c.l.i.exception.HandlerException - AuthException Erreur: Email or password unvalid
2025-01-18 17:19:42 [http-nio-8080-exec-4] DEBUG c.c.l.i.s.impl.CookieServiceImpl - Cookie samesite: Lax
2025-01-18 17:19:42 [http-nio-8080-exec-4] DEBUG c.c.l.i.s.impl.CookieServiceImpl - Cookie domain: customDomain
2025-01-18 17:19:42 [http-nio-8080-exec-4] DEBUG c.c.l.i.s.impl.CookieServiceImpl - Cookie secure: false
2025-01-18 17:19:42 [http-nio-8080-exec-4] DEBUG c.c.l.i.s.impl.CookieServiceImpl - Cookie path: /
2025-01-18 17:19:42 [http-nio-8080-exec-4] DEBUG c.c.l.i.s.impl.CookieServiceImpl - Cookie samesite: Lax
2025-01-18 17:19:42 [http-nio-8080-exec-4] DEBUG c.c.l.i.s.impl.CookieServiceImpl - Cookie domain: customDomain
2025-01-18 17:19:42 [http-nio-8080-exec-4] DEBUG c.c.l.i.s.impl.CookieServiceImpl - Cookie secure: false
2025-01-18 17:19:42 [http-nio-8080-exec-4] DEBUG c.c.l.i.s.impl.CookieServiceImpl - Cookie path: /
2025-01-18 17:19:42 [http-nio-8080-exec-5] DEBUG c.c.l.i.s.impl.CookieServiceImpl - Cookie samesite: Lax
2025-01-18 17:19:42 [http-nio-8080-exec-5] DEBUG c.c.l.i.s.impl.CookieServiceImpl - Cookie domain: customDomain
2025-01-18 17:19:42 [http-nio-8080-exec-5] DEBUG c.c.l.i.s.impl.CookieServiceImpl - Cookie secure: false
2025-01-18 17:19:42 [http-nio-8080-exec-5] DEBUG c.c.l.i.s.impl.CookieServiceImpl - Cookie path: /
2025-01-18 17:19:46 [http-nio-8080-exec-8] ERROR c.c.l.i.exception.HandlerException - AuthException Erreur: Email or password unvalid
2025-01-18 17:19:47 [http-nio-8080-exec-9] ERROR c.c.l.i.exception.HandlerException - AuthException Erreur: Email or password unvalid
2025-01-18 17:25:21 [http-nio-8080-exec-2] DEBUG c.c.l.i.s.impl.CookieServiceImpl - Cookie samesite: Lax
2025-01-18 17:25:21 [http-nio-8080-exec-2] DEBUG c.c.l.i.s.impl.CookieServiceImpl - Cookie domain: customDomain
2025-01-18 17:25:21 [http-nio-8080-exec-2] DEBUG c.c.l.i.s.impl.CookieServiceImpl - Cookie secure: false
2025-01-18 17:25:21 [http-nio-8080-exec-2] DEBUG c.c.l.i.s.impl.CookieServiceImpl - Cookie path: /
2025-01-18 17:25:21 [http-nio-8080-exec-2] DEBUG c.c.l.i.s.impl.CookieServiceImpl - Cookie samesite: Lax
2025-01-18 17:25:21 [http-nio-8080-exec-2] DEBUG c.c.l.i.s.impl.CookieServiceImpl - Cookie domain: customDomain
2025-01-18 17:25:21 [http-nio-8080-exec-2] DEBUG c.c.l.i.s.impl.CookieServiceImpl - Cookie secure: false
2025-01-18 17:25:21 [http-nio-8080-exec-2] DEBUG c.c.l.i.s.impl.CookieServiceImpl - Cookie path: /
2025-01-18 17:25:21 [http-nio-8080-exec-3] DEBUG c.c.l.i.s.impl.CookieServiceImpl - Cookie samesite: Lax
2025-01-18 17:25:21 [http-nio-8080-exec-3] DEBUG c.c.l.i.s.impl.CookieServiceImpl - Cookie domain: customDomain
2025-01-18 17:25:21 [http-nio-8080-exec-3] DEBUG c.c.l.i.s.impl.CookieServiceImpl - Cookie secure: false
2025-01-18 17:25:21 [http-nio-8080-exec-3] DEBUG c.c.l.i.s.impl.CookieServiceImpl - Cookie path: /
2025-01-18 17:25:38 [http-nio-8080-exec-6] DEBUG c.c.l.i.s.impl.CookieServiceImpl - Cookie samesite: Lax
2025-01-18 17:25:38 [http-nio-8080-exec-6] DEBUG c.c.l.i.s.impl.CookieServiceImpl - Cookie domain: customDomain
2025-01-18 17:25:38 [http-nio-8080-exec-6] DEBUG c.c.l.i.s.impl.CookieServiceImpl - Cookie secure: false
2025-01-18 17:25:38 [http-nio-8080-exec-6] DEBUG c.c.l.i.s.impl.CookieServiceImpl - Cookie path: /
2025-01-18 17:25:41 [http-nio-8080-exec-7] ERROR c.c.l.i.exception.HandlerException - AuthException Erreur: Email or password unvalid
2025-01-18 17:25:42 [http-nio-8080-exec-10] ERROR c.c.l.i.exception.HandlerException - AuthException Erreur: Email or password unvalid
2025-01-18 17:25:42 [http-nio-8080-exec-2] ERROR c.c.l.i.exception.HandlerException - AuthException Erreur: Email or password unvalid
2025-01-18 17:25:43 [http-nio-8080-exec-3] ERROR c.c.l.i.exception.HandlerException - AuthException Erreur: Email or password unvalid
2025-01-18 17:25:43 [http-nio-8080-exec-6] ERROR c.c.l.i.exception.HandlerException - AuthException Erreur: Email or password unvalid
2025-01-18 17:25:43 [http-nio-8080-exec-7] ERROR c.c.l.i.exception.HandlerException - AuthException Erreur: Email or password unvalid
2025-01-18 17:25:43 [http-nio-8080-exec-10] ERROR c.c.l.i.exception.HandlerException - AuthException Erreur: Email or password unvalid
2025-01-18 17:25:43 [http-nio-8080-exec-2] ERROR c.c.l.i.exception.HandlerException - AuthException Erreur: Email or password unvalid
2025-01-18 17:25:43 [http-nio-8080-exec-3] ERROR c.c.l.i.exception.HandlerException - AuthException Erreur: Email or password unvalid
2025-01-18 17:27:29 [http-nio-8080-exec-8] DEBUG c.c.l.i.s.impl.CookieServiceImpl - Cookie samesite: Lax
2025-01-18 17:27:29 [http-nio-8080-exec-8] DEBUG c.c.l.i.s.impl.CookieServiceImpl - Cookie domain: customDomain
2025-01-18 17:27:29 [http-nio-8080-exec-8] DEBUG c.c.l.i.s.impl.CookieServiceImpl - Cookie secure: false
2025-01-18 17:27:29 [http-nio-8080-exec-8] DEBUG c.c.l.i.s.impl.CookieServiceImpl - Cookie path: /
2025-01-18 17:27:29 [http-nio-8080-exec-8] DEBUG c.c.l.i.s.impl.CookieServiceImpl - Cookie samesite: Lax
2025-01-18 17:27:29 [http-nio-8080-exec-8] DEBUG c.c.l.i.s.impl.CookieServiceImpl - Cookie domain: customDomain
2025-01-18 17:27:29 [http-nio-8080-exec-8] DEBUG c.c.l.i.s.impl.CookieServiceImpl - Cookie secure: false
2025-01-18 17:27:29 [http-nio-8080-exec-8] DEBUG c.c.l.i.s.impl.CookieServiceImpl - Cookie path: /
2025-01-18 17:27:29 [http-nio-8080-exec-9] DEBUG c.c.l.i.s.impl.CookieServiceImpl - Cookie samesite: Lax
2025-01-18 17:27:29 [http-nio-8080-exec-9] DEBUG c.c.l.i.s.impl.CookieServiceImpl - Cookie domain: customDomain
2025-01-18 17:27:29 [http-nio-8080-exec-9] DEBUG c.c.l.i.s.impl.CookieServiceImpl - Cookie secure: false
2025-01-18 17:27:29 [http-nio-8080-exec-9] DEBUG c.c.l.i.s.impl.CookieServiceImpl - Cookie path: /
2025-01-18 17:27:44 [http-nio-8080-exec-1] ERROR c.c.l.i.exception.HandlerException - AuthException Erreur: Email or password unvalid, last test available
2025-01-18 17:28:00 [http-nio-8080-exec-4] ERROR c.c.l.i.exception.HandlerException - AuthException Erreur: Email or password unvalid, last test available
2025-01-18 17:28:20 [http-nio-8080-exec-5] ERROR c.c.l.i.exception.HandlerException - AuthException Erreur: Email or password unvalid, last test available
2025-01-18 18:41:26 [HikariPool-1 housekeeper] WARN  com.zaxxer.hikari.pool.HikariPool - HikariPool-1 - Thread starvation or clock leap detected (housekeeper delta=1h8m36s480ms90µs300ns).
2025-01-18 18:45:46 [http-nio-8080-exec-1] DEBUG c.c.l.i.s.impl.CookieServiceImpl - Cookie samesite: Lax
2025-01-18 18:45:46 [http-nio-8080-exec-1] DEBUG c.c.l.i.s.impl.CookieServiceImpl - Cookie domain: customDomain
2025-01-18 18:45:46 [http-nio-8080-exec-1] DEBUG c.c.l.i.s.impl.CookieServiceImpl - Cookie secure: false
2025-01-18 18:45:46 [http-nio-8080-exec-1] DEBUG c.c.l.i.s.impl.CookieServiceImpl - Cookie path: /
2025-01-18 18:45:46 [http-nio-8080-exec-1] DEBUG c.c.l.i.s.impl.CookieServiceImpl - Cookie samesite: Lax
2025-01-18 18:45:46 [http-nio-8080-exec-1] DEBUG c.c.l.i.s.impl.CookieServiceImpl - Cookie domain: customDomain
2025-01-18 18:45:46 [http-nio-8080-exec-1] DEBUG c.c.l.i.s.impl.CookieServiceImpl - Cookie secure: false
2025-01-18 18:45:46 [http-nio-8080-exec-1] DEBUG c.c.l.i.s.impl.CookieServiceImpl - Cookie path: /
2025-01-18 18:45:46 [http-nio-8080-exec-4] DEBUG c.c.l.i.s.impl.CookieServiceImpl - Cookie samesite: Lax
2025-01-18 18:45:46 [http-nio-8080-exec-4] DEBUG c.c.l.i.s.impl.CookieServiceImpl - Cookie domain: customDomain
2025-01-18 18:45:46 [http-nio-8080-exec-4] DEBUG c.c.l.i.s.impl.CookieServiceImpl - Cookie secure: false
2025-01-18 18:45:46 [http-nio-8080-exec-4] DEBUG c.c.l.i.s.impl.CookieServiceImpl - Cookie path: /
2025-01-18 18:45:49 [http-nio-8080-exec-5] ERROR c.c.l.i.exception.HandlerException - AuthException Erreur: Email or password unvalid
2025-01-18 18:54:06 [http-nio-8080-exec-1] DEBUG c.c.l.i.s.impl.CookieServiceImpl - Cookie samesite: Lax
2025-01-18 18:54:06 [http-nio-8080-exec-1] DEBUG c.c.l.i.s.impl.CookieServiceImpl - Cookie domain: customDomain
2025-01-18 18:54:06 [http-nio-8080-exec-1] DEBUG c.c.l.i.s.impl.CookieServiceImpl - Cookie secure: false
2025-01-18 18:54:06 [http-nio-8080-exec-1] DEBUG c.c.l.i.s.impl.CookieServiceImpl - Cookie path: /
2025-01-18 18:54:06 [http-nio-8080-exec-1] DEBUG c.c.l.i.s.impl.CookieServiceImpl - Cookie samesite: Lax
2025-01-18 18:54:06 [http-nio-8080-exec-1] DEBUG c.c.l.i.s.impl.CookieServiceImpl - Cookie domain: customDomain
2025-01-18 18:54:06 [http-nio-8080-exec-1] DEBUG c.c.l.i.s.impl.CookieServiceImpl - Cookie secure: false
2025-01-18 18:54:06 [http-nio-8080-exec-1] DEBUG c.c.l.i.s.impl.CookieServiceImpl - Cookie path: /
2025-01-18 18:54:07 [http-nio-8080-exec-4] DEBUG c.c.l.i.s.impl.CookieServiceImpl - Cookie samesite: Lax
2025-01-18 18:54:07 [http-nio-8080-exec-4] DEBUG c.c.l.i.s.impl.CookieServiceImpl - Cookie domain: customDomain
2025-01-18 18:54:07 [http-nio-8080-exec-4] DEBUG c.c.l.i.s.impl.CookieServiceImpl - Cookie secure: false
2025-01-18 18:54:07 [http-nio-8080-exec-4] DEBUG c.c.l.i.s.impl.CookieServiceImpl - Cookie path: /
2025-01-18 18:54:57 [http-nio-8080-exec-5] DEBUG c.c.l.i.s.impl.CookieServiceImpl - Cookie samesite: Lax
2025-01-18 18:54:57 [http-nio-8080-exec-5] DEBUG c.c.l.i.s.impl.CookieServiceImpl - Cookie domain: customDomain
2025-01-18 18:54:57 [http-nio-8080-exec-5] DEBUG c.c.l.i.s.impl.CookieServiceImpl - Cookie secure: false
2025-01-18 18:54:57 [http-nio-8080-exec-5] DEBUG c.c.l.i.s.impl.CookieServiceImpl - Cookie path: /
2025-01-18 18:54:57 [http-nio-8080-exec-5] DEBUG c.c.l.i.s.impl.CookieServiceImpl - Cookie samesite: Lax
2025-01-18 18:54:57 [http-nio-8080-exec-5] DEBUG c.c.l.i.s.impl.CookieServiceImpl - Cookie domain: customDomain
2025-01-18 18:54:57 [http-nio-8080-exec-5] DEBUG c.c.l.i.s.impl.CookieServiceImpl - Cookie secure: false
2025-01-18 18:54:57 [http-nio-8080-exec-5] DEBUG c.c.l.i.s.impl.CookieServiceImpl - Cookie path: /
2025-01-18 18:54:57 [http-nio-8080-exec-8] DEBUG c.c.l.i.s.impl.CookieServiceImpl - Cookie samesite: Lax
2025-01-18 18:54:57 [http-nio-8080-exec-8] DEBUG c.c.l.i.s.impl.CookieServiceImpl - Cookie domain: customDomain
2025-01-18 18:54:57 [http-nio-8080-exec-8] DEBUG c.c.l.i.s.impl.CookieServiceImpl - Cookie secure: false
2025-01-18 18:54:57 [http-nio-8080-exec-8] DEBUG c.c.l.i.s.impl.CookieServiceImpl - Cookie path: /
2025-01-18 18:55:00 [http-nio-8080-exec-9] ERROR c.c.l.i.exception.HandlerException - AuthException Erreur: Email or password unvalid
2025-01-18 18:57:28 [http-nio-8080-exec-2] DEBUG c.c.l.i.s.impl.CookieServiceImpl - Cookie samesite: Lax
2025-01-18 18:57:28 [http-nio-8080-exec-2] DEBUG c.c.l.i.s.impl.CookieServiceImpl - Cookie domain: customDomain
2025-01-18 18:57:28 [http-nio-8080-exec-2] DEBUG c.c.l.i.s.impl.CookieServiceImpl - Cookie secure: false
2025-01-18 18:57:28 [http-nio-8080-exec-2] DEBUG c.c.l.i.s.impl.CookieServiceImpl - Cookie path: /
2025-01-18 18:57:28 [http-nio-8080-exec-2] DEBUG c.c.l.i.s.impl.CookieServiceImpl - Cookie samesite: Lax
2025-01-18 18:57:28 [http-nio-8080-exec-2] DEBUG c.c.l.i.s.impl.CookieServiceImpl - Cookie domain: customDomain
2025-01-18 18:57:28 [http-nio-8080-exec-2] DEBUG c.c.l.i.s.impl.CookieServiceImpl - Cookie secure: false
2025-01-18 18:57:28 [http-nio-8080-exec-2] DEBUG c.c.l.i.s.impl.CookieServiceImpl - Cookie path: /
2025-01-18 18:57:29 [http-nio-8080-exec-3] DEBUG c.c.l.i.s.impl.CookieServiceImpl - Cookie samesite: Lax
2025-01-18 18:57:29 [http-nio-8080-exec-3] DEBUG c.c.l.i.s.impl.CookieServiceImpl - Cookie domain: customDomain
2025-01-18 18:57:29 [http-nio-8080-exec-3] DEBUG c.c.l.i.s.impl.CookieServiceImpl - Cookie secure: false
2025-01-18 18:57:29 [http-nio-8080-exec-3] DEBUG c.c.l.i.s.impl.CookieServiceImpl - Cookie path: /
2025-01-18 19:04:08 [http-nio-8080-exec-10] DEBUG c.c.l.i.s.impl.CookieServiceImpl - Cookie samesite: Lax
2025-01-18 19:04:08 [http-nio-8080-exec-10] DEBUG c.c.l.i.s.impl.CookieServiceImpl - Cookie domain: customDomain
2025-01-18 19:04:08 [http-nio-8080-exec-10] DEBUG c.c.l.i.s.impl.CookieServiceImpl - Cookie secure: false
2025-01-18 19:04:08 [http-nio-8080-exec-10] DEBUG c.c.l.i.s.impl.CookieServiceImpl - Cookie path: /
2025-01-18 19:04:08 [http-nio-8080-exec-10] DEBUG c.c.l.i.s.impl.CookieServiceImpl - Cookie samesite: Lax
2025-01-18 19:04:08 [http-nio-8080-exec-10] DEBUG c.c.l.i.s.impl.CookieServiceImpl - Cookie domain: customDomain
2025-01-18 19:04:08 [http-nio-8080-exec-10] DEBUG c.c.l.i.s.impl.CookieServiceImpl - Cookie secure: false
2025-01-18 19:04:08 [http-nio-8080-exec-10] DEBUG c.c.l.i.s.impl.CookieServiceImpl - Cookie path: /
2025-01-18 19:04:08 [http-nio-8080-exec-2] DEBUG c.c.l.i.s.impl.CookieServiceImpl - Cookie samesite: Lax
2025-01-18 19:04:08 [http-nio-8080-exec-2] DEBUG c.c.l.i.s.impl.CookieServiceImpl - Cookie domain: customDomain
2025-01-18 19:04:08 [http-nio-8080-exec-2] DEBUG c.c.l.i.s.impl.CookieServiceImpl - Cookie secure: false
2025-01-18 19:04:08 [http-nio-8080-exec-2] DEBUG c.c.l.i.s.impl.CookieServiceImpl - Cookie path: /
2025-01-18 19:07:20 [http-nio-8080-exec-8] DEBUG c.c.l.i.s.impl.CookieServiceImpl - Cookie samesite: Lax
2025-01-18 19:07:20 [http-nio-8080-exec-8] DEBUG c.c.l.i.s.impl.CookieServiceImpl - Cookie domain: customDomain
2025-01-18 19:07:20 [http-nio-8080-exec-8] DEBUG c.c.l.i.s.impl.CookieServiceImpl - Cookie secure: false
2025-01-18 19:07:20 [http-nio-8080-exec-8] DEBUG c.c.l.i.s.impl.CookieServiceImpl - Cookie path: /
2025-01-18 19:07:20 [http-nio-8080-exec-8] DEBUG c.c.l.i.s.impl.CookieServiceImpl - Cookie samesite: Lax
2025-01-18 19:07:20 [http-nio-8080-exec-8] DEBUG c.c.l.i.s.impl.CookieServiceImpl - Cookie domain: customDomain
2025-01-18 19:07:20 [http-nio-8080-exec-8] DEBUG c.c.l.i.s.impl.CookieServiceImpl - Cookie secure: false
2025-01-18 19:07:20 [http-nio-8080-exec-8] DEBUG c.c.l.i.s.impl.CookieServiceImpl - Cookie path: /
2025-01-18 19:07:20 [http-nio-8080-exec-10] DEBUG c.c.l.i.s.impl.CookieServiceImpl - Cookie samesite: Lax
2025-01-18 19:07:20 [http-nio-8080-exec-10] DEBUG c.c.l.i.s.impl.CookieServiceImpl - Cookie domain: customDomain
2025-01-18 19:07:20 [http-nio-8080-exec-10] DEBUG c.c.l.i.s.impl.CookieServiceImpl - Cookie secure: false
2025-01-18 19:07:20 [http-nio-8080-exec-10] DEBUG c.c.l.i.s.impl.CookieServiceImpl - Cookie path: /
2025-01-18 19:07:30 [http-nio-8080-exec-2] ERROR c.c.l.i.exception.HandlerException - AuthException Erreur: Email or password unvalid, 3 more tests available
2025-01-18 19:07:50 [http-nio-8080-exec-3] DEBUG c.c.l.i.s.impl.CookieServiceImpl - Cookie samesite: Lax
2025-01-18 19:07:50 [http-nio-8080-exec-3] DEBUG c.c.l.i.s.impl.CookieServiceImpl - Cookie domain: customDomain
2025-01-18 19:07:50 [http-nio-8080-exec-3] DEBUG c.c.l.i.s.impl.CookieServiceImpl - Cookie secure: false
2025-01-18 19:07:50 [http-nio-8080-exec-3] DEBUG c.c.l.i.s.impl.CookieServiceImpl - Cookie path: /
2025-01-18 19:07:50 [http-nio-8080-exec-3] DEBUG c.c.l.i.s.impl.CookieServiceImpl - Cookie samesite: Lax
2025-01-18 19:07:50 [http-nio-8080-exec-3] DEBUG c.c.l.i.s.impl.CookieServiceImpl - Cookie domain: customDomain
2025-01-18 19:07:50 [http-nio-8080-exec-3] DEBUG c.c.l.i.s.impl.CookieServiceImpl - Cookie secure: false
2025-01-18 19:07:50 [http-nio-8080-exec-3] DEBUG c.c.l.i.s.impl.CookieServiceImpl - Cookie path: /
2025-01-18 19:07:51 [http-nio-8080-exec-6] DEBUG c.c.l.i.s.impl.CookieServiceImpl - Cookie samesite: Lax
2025-01-18 19:07:51 [http-nio-8080-exec-6] DEBUG c.c.l.i.s.impl.CookieServiceImpl - Cookie domain: customDomain
2025-01-18 19:07:51 [http-nio-8080-exec-6] DEBUG c.c.l.i.s.impl.CookieServiceImpl - Cookie secure: false
2025-01-18 19:07:51 [http-nio-8080-exec-6] DEBUG c.c.l.i.s.impl.CookieServiceImpl - Cookie path: /
2025-01-18 19:09:10 [http-nio-8080-exec-10] DEBUG c.c.l.i.s.impl.CookieServiceImpl - Cookie samesite: Lax
2025-01-18 19:09:10 [http-nio-8080-exec-10] DEBUG c.c.l.i.s.impl.CookieServiceImpl - Cookie domain: customDomain
2025-01-18 19:09:10 [http-nio-8080-exec-10] DEBUG c.c.l.i.s.impl.CookieServiceImpl - Cookie secure: false
2025-01-18 19:09:10 [http-nio-8080-exec-10] DEBUG c.c.l.i.s.impl.CookieServiceImpl - Cookie path: /
2025-01-18 19:09:10 [http-nio-8080-exec-10] DEBUG c.c.l.i.s.impl.CookieServiceImpl - Cookie samesite: Lax
2025-01-18 19:09:10 [http-nio-8080-exec-10] DEBUG c.c.l.i.s.impl.CookieServiceImpl - Cookie domain: customDomain
2025-01-18 19:09:10 [http-nio-8080-exec-10] DEBUG c.c.l.i.s.impl.CookieServiceImpl - Cookie secure: false
2025-01-18 19:09:10 [http-nio-8080-exec-10] DEBUG c.c.l.i.s.impl.CookieServiceImpl - Cookie path: /
2025-01-18 19:09:10 [http-nio-8080-exec-2] DEBUG c.c.l.i.s.impl.CookieServiceImpl - Cookie samesite: Lax
2025-01-18 19:09:10 [http-nio-8080-exec-2] DEBUG c.c.l.i.s.impl.CookieServiceImpl - Cookie domain: customDomain
2025-01-18 19:09:10 [http-nio-8080-exec-2] DEBUG c.c.l.i.s.impl.CookieServiceImpl - Cookie secure: false
2025-01-18 19:09:10 [http-nio-8080-exec-2] DEBUG c.c.l.i.s.impl.CookieServiceImpl - Cookie path: /
2025-01-18 19:14:57 [http-nio-8080-exec-6] ERROR c.c.l.i.exception.HandlerException - AuthException Erreur: Email or password unvalid, 2 more tests available
2025-01-18 22:01:32 [http-nio-8080-exec-9] DEBUG c.c.l.i.s.impl.CookieServiceImpl - Cookie samesite: Lax
2025-01-18 22:01:32 [http-nio-8080-exec-9] DEBUG c.c.l.i.s.impl.CookieServiceImpl - Cookie domain: customDomain
2025-01-18 22:01:32 [http-nio-8080-exec-9] DEBUG c.c.l.i.s.impl.CookieServiceImpl - Cookie secure: false
2025-01-18 22:01:32 [http-nio-8080-exec-9] DEBUG c.c.l.i.s.impl.CookieServiceImpl - Cookie path: /
2025-01-18 22:01:32 [http-nio-8080-exec-9] DEBUG c.c.l.i.s.impl.CookieServiceImpl - Cookie samesite: Lax
2025-01-18 22:01:32 [http-nio-8080-exec-9] DEBUG c.c.l.i.s.impl.CookieServiceImpl - Cookie domain: customDomain
2025-01-18 22:01:32 [http-nio-8080-exec-9] DEBUG c.c.l.i.s.impl.CookieServiceImpl - Cookie secure: false
2025-01-18 22:01:32 [http-nio-8080-exec-9] DEBUG c.c.l.i.s.impl.CookieServiceImpl - Cookie path: /
2025-01-18 22:01:32 [http-nio-8080-exec-1] DEBUG c.c.l.i.s.impl.CookieServiceImpl - Cookie samesite: Lax
2025-01-18 22:01:32 [http-nio-8080-exec-1] DEBUG c.c.l.i.s.impl.CookieServiceImpl - Cookie domain: customDomain
2025-01-18 22:01:32 [http-nio-8080-exec-1] DEBUG c.c.l.i.s.impl.CookieServiceImpl - Cookie secure: false
2025-01-18 22:01:32 [http-nio-8080-exec-1] DEBUG c.c.l.i.s.impl.CookieServiceImpl - Cookie path: /
2025-01-18 22:01:38 [http-nio-8080-exec-3] ERROR c.c.l.i.exception.HandlerException - AuthException Erreur: Email or password unvalid
2025-01-18 22:01:59 [http-nio-8080-exec-5] DEBUG c.c.l.i.s.impl.CookieServiceImpl - Cookie samesite: Lax
2025-01-18 22:01:59 [http-nio-8080-exec-5] DEBUG c.c.l.i.s.impl.CookieServiceImpl - Cookie domain: customDomain
2025-01-18 22:01:59 [http-nio-8080-exec-5] DEBUG c.c.l.i.s.impl.CookieServiceImpl - Cookie secure: false
2025-01-18 22:01:59 [http-nio-8080-exec-5] DEBUG c.c.l.i.s.impl.CookieServiceImpl - Cookie path: /
2025-01-18 22:01:59 [http-nio-8080-exec-5] DEBUG c.c.l.i.s.impl.CookieServiceImpl - Cookie samesite: Lax
2025-01-18 22:01:59 [http-nio-8080-exec-5] DEBUG c.c.l.i.s.impl.CookieServiceImpl - Cookie domain: customDomain
2025-01-18 22:01:59 [http-nio-8080-exec-5] DEBUG c.c.l.i.s.impl.CookieServiceImpl - Cookie secure: false
2025-01-18 22:01:59 [http-nio-8080-exec-5] DEBUG c.c.l.i.s.impl.CookieServiceImpl - Cookie path: /
2025-01-18 22:01:59 [http-nio-8080-exec-7] DEBUG c.c.l.i.s.impl.CookieServiceImpl - Cookie samesite: Lax
2025-01-18 22:01:59 [http-nio-8080-exec-7] DEBUG c.c.l.i.s.impl.CookieServiceImpl - Cookie domain: customDomain
2025-01-18 22:01:59 [http-nio-8080-exec-7] DEBUG c.c.l.i.s.impl.CookieServiceImpl - Cookie secure: false
2025-01-18 22:01:59 [http-nio-8080-exec-7] DEBUG c.c.l.i.s.impl.CookieServiceImpl - Cookie path: /
2025-01-18 22:02:11 [http-nio-8080-exec-9] ERROR c.c.l.i.exception.HandlerException - AuthException Erreur: Email or password unvalid
2025-01-18 22:05:47 [http-nio-8080-exec-2] DEBUG c.c.l.i.s.impl.CookieServiceImpl - Cookie samesite: Lax
2025-01-18 22:05:47 [http-nio-8080-exec-2] DEBUG c.c.l.i.s.impl.CookieServiceImpl - Cookie domain: customDomain
2025-01-18 22:05:47 [http-nio-8080-exec-2] DEBUG c.c.l.i.s.impl.CookieServiceImpl - Cookie secure: false
2025-01-18 22:05:47 [http-nio-8080-exec-2] DEBUG c.c.l.i.s.impl.CookieServiceImpl - Cookie path: /
2025-01-18 22:05:48 [http-nio-8080-exec-2] DEBUG c.c.l.i.s.impl.CookieServiceImpl - Cookie samesite: Lax
2025-01-18 22:05:48 [http-nio-8080-exec-2] DEBUG c.c.l.i.s.impl.CookieServiceImpl - Cookie domain: customDomain
2025-01-18 22:05:48 [http-nio-8080-exec-2] DEBUG c.c.l.i.s.impl.CookieServiceImpl - Cookie secure: false
2025-01-18 22:05:48 [http-nio-8080-exec-2] DEBUG c.c.l.i.s.impl.CookieServiceImpl - Cookie path: /
2025-01-18 22:05:48 [http-nio-8080-exec-4] DEBUG c.c.l.i.s.impl.CookieServiceImpl - Cookie samesite: Lax
2025-01-18 22:05:48 [http-nio-8080-exec-4] DEBUG c.c.l.i.s.impl.CookieServiceImpl - Cookie domain: customDomain
2025-01-18 22:05:48 [http-nio-8080-exec-4] DEBUG c.c.l.i.s.impl.CookieServiceImpl - Cookie secure: false
2025-01-18 22:05:48 [http-nio-8080-exec-4] DEBUG c.c.l.i.s.impl.CookieServiceImpl - Cookie path: /
2025-01-18 22:05:50 [http-nio-8080-exec-6] ERROR c.c.l.i.exception.HandlerException - AuthException Erreur: Email or password unvalid
2025-01-18 22:08:47 [http-nio-8080-exec-9] DEBUG c.c.l.i.s.impl.CookieServiceImpl - Cookie samesite: Lax
2025-01-18 22:08:47 [http-nio-8080-exec-9] DEBUG c.c.l.i.s.impl.CookieServiceImpl - Cookie domain: customDomain
2025-01-18 22:08:47 [http-nio-8080-exec-9] DEBUG c.c.l.i.s.impl.CookieServiceImpl - Cookie secure: false
2025-01-18 22:08:47 [http-nio-8080-exec-9] DEBUG c.c.l.i.s.impl.CookieServiceImpl - Cookie path: /
2025-01-18 22:08:47 [http-nio-8080-exec-9] DEBUG c.c.l.i.s.impl.CookieServiceImpl - Cookie samesite: Lax
2025-01-18 22:08:47 [http-nio-8080-exec-9] DEBUG c.c.l.i.s.impl.CookieServiceImpl - Cookie domain: customDomain
2025-01-18 22:08:47 [http-nio-8080-exec-9] DEBUG c.c.l.i.s.impl.CookieServiceImpl - Cookie secure: false
2025-01-18 22:08:47 [http-nio-8080-exec-9] DEBUG c.c.l.i.s.impl.CookieServiceImpl - Cookie path: /
2025-01-18 22:08:47 [http-nio-8080-exec-1] DEBUG c.c.l.i.s.impl.CookieServiceImpl - Cookie samesite: Lax
2025-01-18 22:08:47 [http-nio-8080-exec-1] DEBUG c.c.l.i.s.impl.CookieServiceImpl - Cookie domain: customDomain
2025-01-18 22:08:47 [http-nio-8080-exec-1] DEBUG c.c.l.i.s.impl.CookieServiceImpl - Cookie secure: false
2025-01-18 22:08:47 [http-nio-8080-exec-1] DEBUG c.c.l.i.s.impl.CookieServiceImpl - Cookie path: /
2025-01-18 22:08:52 [http-nio-8080-exec-3] ERROR c.c.l.i.exception.HandlerException - AuthException Erreur: Email or password unvalid
2025-01-18 22:10:02 [http-nio-8080-exec-6] DEBUG c.c.l.i.s.impl.CookieServiceImpl - Cookie samesite: Lax
2025-01-18 22:10:02 [http-nio-8080-exec-6] DEBUG c.c.l.i.s.impl.CookieServiceImpl - Cookie domain: customDomain
2025-01-18 22:10:02 [http-nio-8080-exec-6] DEBUG c.c.l.i.s.impl.CookieServiceImpl - Cookie secure: false
2025-01-18 22:10:02 [http-nio-8080-exec-6] DEBUG c.c.l.i.s.impl.CookieServiceImpl - Cookie path: /
2025-01-18 22:10:02 [http-nio-8080-exec-6] DEBUG c.c.l.i.s.impl.CookieServiceImpl - Cookie samesite: Lax
2025-01-18 22:10:02 [http-nio-8080-exec-6] DEBUG c.c.l.i.s.impl.CookieServiceImpl - Cookie domain: customDomain
2025-01-18 22:10:02 [http-nio-8080-exec-6] DEBUG c.c.l.i.s.impl.CookieServiceImpl - Cookie secure: false
2025-01-18 22:10:02 [http-nio-8080-exec-6] DEBUG c.c.l.i.s.impl.CookieServiceImpl - Cookie path: /
2025-01-18 22:10:02 [http-nio-8080-exec-8] DEBUG c.c.l.i.s.impl.CookieServiceImpl - Cookie samesite: Lax
2025-01-18 22:10:02 [http-nio-8080-exec-8] DEBUG c.c.l.i.s.impl.CookieServiceImpl - Cookie domain: customDomain
2025-01-18 22:10:02 [http-nio-8080-exec-8] DEBUG c.c.l.i.s.impl.CookieServiceImpl - Cookie secure: false
2025-01-18 22:10:02 [http-nio-8080-exec-8] DEBUG c.c.l.i.s.impl.CookieServiceImpl - Cookie path: /
2025-01-18 22:13:12 [http-nio-8080-exec-4] DEBUG c.c.l.i.s.impl.CookieServiceImpl - Cookie samesite: Lax
2025-01-18 22:13:12 [http-nio-8080-exec-4] DEBUG c.c.l.i.s.impl.CookieServiceImpl - Cookie domain: customDomain
2025-01-18 22:13:12 [http-nio-8080-exec-4] DEBUG c.c.l.i.s.impl.CookieServiceImpl - Cookie secure: false
2025-01-18 22:13:12 [http-nio-8080-exec-4] DEBUG c.c.l.i.s.impl.CookieServiceImpl - Cookie path: /
2025-01-18 22:13:12 [http-nio-8080-exec-4] DEBUG c.c.l.i.s.impl.CookieServiceImpl - Cookie samesite: Lax
2025-01-18 22:13:12 [http-nio-8080-exec-4] DEBUG c.c.l.i.s.impl.CookieServiceImpl - Cookie domain: customDomain
2025-01-18 22:13:12 [http-nio-8080-exec-4] DEBUG c.c.l.i.s.impl.CookieServiceImpl - Cookie secure: false
2025-01-18 22:13:12 [http-nio-8080-exec-4] DEBUG c.c.l.i.s.impl.CookieServiceImpl - Cookie path: /
2025-01-18 22:13:12 [http-nio-8080-exec-6] DEBUG c.c.l.i.s.impl.CookieServiceImpl - Cookie samesite: Lax
2025-01-18 22:13:12 [http-nio-8080-exec-6] DEBUG c.c.l.i.s.impl.CookieServiceImpl - Cookie domain: customDomain
2025-01-18 22:13:12 [http-nio-8080-exec-6] DEBUG c.c.l.i.s.impl.CookieServiceImpl - Cookie secure: false
2025-01-18 22:13:12 [http-nio-8080-exec-6] DEBUG c.c.l.i.s.impl.CookieServiceImpl - Cookie path: /
2025-01-18 22:13:15 [http-nio-8080-exec-8] ERROR c.c.l.i.exception.HandlerException - AuthException Erreur: Email or password unvalid
2025-01-18 22:13:22 [http-nio-8080-exec-10] DEBUG c.c.l.i.s.impl.CookieServiceImpl - Cookie samesite: Lax
2025-01-18 22:13:22 [http-nio-8080-exec-10] DEBUG c.c.l.i.s.impl.CookieServiceImpl - Cookie domain: customDomain
2025-01-18 22:13:22 [http-nio-8080-exec-10] DEBUG c.c.l.i.s.impl.CookieServiceImpl - Cookie secure: false
2025-01-18 22:13:22 [http-nio-8080-exec-10] DEBUG c.c.l.i.s.impl.CookieServiceImpl - Cookie path: /
2025-01-18 22:13:22 [http-nio-8080-exec-10] DEBUG c.c.l.i.s.impl.CookieServiceImpl - Cookie samesite: Lax
2025-01-18 22:13:22 [http-nio-8080-exec-10] DEBUG c.c.l.i.s.impl.CookieServiceImpl - Cookie domain: customDomain
2025-01-18 22:13:22 [http-nio-8080-exec-10] DEBUG c.c.l.i.s.impl.CookieServiceImpl - Cookie secure: false
2025-01-18 22:13:22 [http-nio-8080-exec-10] DEBUG c.c.l.i.s.impl.CookieServiceImpl - Cookie path: /
2025-01-18 22:13:22 [http-nio-8080-exec-1] DEBUG c.c.l.i.s.impl.CookieServiceImpl - Cookie samesite: Lax
2025-01-18 22:13:22 [http-nio-8080-exec-1] DEBUG c.c.l.i.s.impl.CookieServiceImpl - Cookie domain: customDomain
2025-01-18 22:13:22 [http-nio-8080-exec-1] DEBUG c.c.l.i.s.impl.CookieServiceImpl - Cookie secure: false
2025-01-18 22:13:22 [http-nio-8080-exec-1] DEBUG c.c.l.i.s.impl.CookieServiceImpl - Cookie path: /
2025-01-18 22:13:24 [http-nio-8080-exec-4] ERROR c.c.l.i.exception.HandlerException - AuthException Erreur: Email or password unvalid
2025-01-18 22:13:29 [http-nio-8080-exec-6] ERROR c.c.l.i.exception.HandlerException - AuthException Erreur: Email or password unvalid
2025-01-18 22:13:30 [http-nio-8080-exec-8] ERROR c.c.l.i.exception.HandlerException - AuthException Erreur: Email or password unvalid
2025-01-18 22:13:31 [http-nio-8080-exec-10] ERROR c.c.l.i.exception.HandlerException - AuthException Erreur: Email or password unvalid
2025-01-18 22:13:31 [http-nio-8080-exec-1] ERROR c.c.l.i.exception.HandlerException - AuthException Erreur: Email or password unvalid
2025-01-18 22:13:32 [http-nio-8080-exec-4] ERROR c.c.l.i.exception.HandlerException - AuthException Erreur: Email or password unvalid
2025-01-18 22:13:32 [http-nio-8080-exec-6] ERROR c.c.l.i.exception.HandlerException - AuthException Erreur: Email or password unvalid
2025-01-18 22:13:33 [http-nio-8080-exec-8] DEBUG c.c.l.i.s.impl.CookieServiceImpl - Cookie samesite: Lax
2025-01-18 22:13:33 [http-nio-8080-exec-8] DEBUG c.c.l.i.s.impl.CookieServiceImpl - Cookie domain: customDomain
2025-01-18 22:13:33 [http-nio-8080-exec-8] DEBUG c.c.l.i.s.impl.CookieServiceImpl - Cookie secure: false
2025-01-18 22:13:33 [http-nio-8080-exec-8] DEBUG c.c.l.i.s.impl.CookieServiceImpl - Cookie path: /
2025-01-18 22:13:41 [http-nio-8080-exec-1] DEBUG c.c.l.i.s.impl.CookieServiceImpl - Cookie samesite: Lax
2025-01-18 22:13:41 [http-nio-8080-exec-1] DEBUG c.c.l.i.s.impl.CookieServiceImpl - Cookie domain: customDomain
2025-01-18 22:13:41 [http-nio-8080-exec-1] DEBUG c.c.l.i.s.impl.CookieServiceImpl - Cookie secure: false
2025-01-18 22:13:41 [http-nio-8080-exec-1] DEBUG c.c.l.i.s.impl.CookieServiceImpl - Cookie path: /
2025-01-18 22:13:43 [http-nio-8080-exec-4] DEBUG c.c.l.i.s.impl.CookieServiceImpl - Cookie samesite: Lax
2025-01-18 22:13:43 [http-nio-8080-exec-4] DEBUG c.c.l.i.s.impl.CookieServiceImpl - Cookie domain: customDomain
2025-01-18 22:13:43 [http-nio-8080-exec-4] DEBUG c.c.l.i.s.impl.CookieServiceImpl - Cookie secure: false
2025-01-18 22:13:43 [http-nio-8080-exec-4] DEBUG c.c.l.i.s.impl.CookieServiceImpl - Cookie path: /
2025-01-18 22:14:16 [http-nio-8080-exec-9] DEBUG c.c.l.i.s.impl.CookieServiceImpl - Cookie samesite: Lax
2025-01-18 22:14:16 [http-nio-8080-exec-9] DEBUG c.c.l.i.s.impl.CookieServiceImpl - Cookie domain: customDomain
2025-01-18 22:14:16 [http-nio-8080-exec-9] DEBUG c.c.l.i.s.impl.CookieServiceImpl - Cookie secure: false
2025-01-18 22:14:16 [http-nio-8080-exec-9] DEBUG c.c.l.i.s.impl.CookieServiceImpl - Cookie path: /
2025-01-18 22:14:19 [http-nio-8080-exec-10] ERROR c.c.l.i.exception.HandlerException - AuthException Erreur: Email or password unvalid
2025-01-18 22:16:00 [http-nio-8080-exec-5] DEBUG c.c.l.i.s.impl.CookieServiceImpl - Cookie samesite: Lax
2025-01-18 22:16:00 [http-nio-8080-exec-5] DEBUG c.c.l.i.s.impl.CookieServiceImpl - Cookie domain: customDomain
2025-01-18 22:16:00 [http-nio-8080-exec-5] DEBUG c.c.l.i.s.impl.CookieServiceImpl - Cookie secure: false
2025-01-18 22:16:00 [http-nio-8080-exec-5] DEBUG c.c.l.i.s.impl.CookieServiceImpl - Cookie path: /
2025-01-18 22:16:01 [http-nio-8080-exec-5] DEBUG c.c.l.i.s.impl.CookieServiceImpl - Cookie samesite: Lax
2025-01-18 22:16:01 [http-nio-8080-exec-5] DEBUG c.c.l.i.s.impl.CookieServiceImpl - Cookie domain: customDomain
2025-01-18 22:16:01 [http-nio-8080-exec-5] DEBUG c.c.l.i.s.impl.CookieServiceImpl - Cookie secure: false
2025-01-18 22:16:01 [http-nio-8080-exec-5] DEBUG c.c.l.i.s.impl.CookieServiceImpl - Cookie path: /
2025-01-18 22:16:01 [http-nio-8080-exec-6] DEBUG c.c.l.i.s.impl.CookieServiceImpl - Cookie samesite: Lax
2025-01-18 22:16:01 [http-nio-8080-exec-6] DEBUG c.c.l.i.s.impl.CookieServiceImpl - Cookie domain: customDomain
2025-01-18 22:16:01 [http-nio-8080-exec-6] DEBUG c.c.l.i.s.impl.CookieServiceImpl - Cookie secure: false
2025-01-18 22:16:01 [http-nio-8080-exec-6] DEBUG c.c.l.i.s.impl.CookieServiceImpl - Cookie path: /
2025-01-18 22:16:04 [http-nio-8080-exec-9] ERROR c.c.l.i.exception.HandlerException - AuthException Erreur: Email or password unvalid
2025-01-18 22:16:37 [http-nio-8080-exec-10] DEBUG c.c.l.i.s.impl.CookieServiceImpl - Cookie samesite: Lax
2025-01-18 22:16:37 [http-nio-8080-exec-10] DEBUG c.c.l.i.s.impl.CookieServiceImpl - Cookie domain: customDomain
2025-01-18 22:16:37 [http-nio-8080-exec-10] DEBUG c.c.l.i.s.impl.CookieServiceImpl - Cookie secure: false
2025-01-18 22:16:37 [http-nio-8080-exec-10] DEBUG c.c.l.i.s.impl.CookieServiceImpl - Cookie path: /
2025-01-18 22:16:38 [http-nio-8080-exec-10] DEBUG c.c.l.i.s.impl.CookieServiceImpl - Cookie samesite: Lax
2025-01-18 22:16:38 [http-nio-8080-exec-10] DEBUG c.c.l.i.s.impl.CookieServiceImpl - Cookie domain: customDomain
2025-01-18 22:16:38 [http-nio-8080-exec-10] DEBUG c.c.l.i.s.impl.CookieServiceImpl - Cookie secure: false
2025-01-18 22:16:38 [http-nio-8080-exec-10] DEBUG c.c.l.i.s.impl.CookieServiceImpl - Cookie path: /
2025-01-18 22:16:38 [http-nio-8080-exec-1] DEBUG c.c.l.i.s.impl.CookieServiceImpl - Cookie samesite: Lax
2025-01-18 22:16:38 [http-nio-8080-exec-1] DEBUG c.c.l.i.s.impl.CookieServiceImpl - Cookie domain: customDomain
2025-01-18 22:16:38 [http-nio-8080-exec-1] DEBUG c.c.l.i.s.impl.CookieServiceImpl - Cookie secure: false
2025-01-18 22:16:38 [http-nio-8080-exec-1] DEBUG c.c.l.i.s.impl.CookieServiceImpl - Cookie path: /
2025-01-18 22:16:53 [http-nio-8080-exec-5] DEBUG c.c.l.i.s.impl.CookieServiceImpl - Cookie samesite: Lax
2025-01-18 22:16:53 [http-nio-8080-exec-5] DEBUG c.c.l.i.s.impl.CookieServiceImpl - Cookie domain: customDomain
2025-01-18 22:16:53 [http-nio-8080-exec-5] DEBUG c.c.l.i.s.impl.CookieServiceImpl - Cookie secure: false
2025-01-18 22:16:53 [http-nio-8080-exec-5] DEBUG c.c.l.i.s.impl.CookieServiceImpl - Cookie path: /
2025-01-18 22:16:53 [http-nio-8080-exec-5] DEBUG c.c.l.i.s.impl.CookieServiceImpl - Cookie samesite: Lax
2025-01-18 22:16:53 [http-nio-8080-exec-5] DEBUG c.c.l.i.s.impl.CookieServiceImpl - Cookie domain: customDomain
2025-01-18 22:16:53 [http-nio-8080-exec-5] DEBUG c.c.l.i.s.impl.CookieServiceImpl - Cookie secure: false
2025-01-18 22:16:53 [http-nio-8080-exec-5] DEBUG c.c.l.i.s.impl.CookieServiceImpl - Cookie path: /
2025-01-18 22:16:54 [http-nio-8080-exec-6] DEBUG c.c.l.i.s.impl.CookieServiceImpl - Cookie samesite: Lax
2025-01-18 22:16:54 [http-nio-8080-exec-6] DEBUG c.c.l.i.s.impl.CookieServiceImpl - Cookie domain: customDomain
2025-01-18 22:16:54 [http-nio-8080-exec-6] DEBUG c.c.l.i.s.impl.CookieServiceImpl - Cookie secure: false
2025-01-18 22:16:54 [http-nio-8080-exec-6] DEBUG c.c.l.i.s.impl.CookieServiceImpl - Cookie path: /
2025-01-18 22:16:57 [http-nio-8080-exec-9] ERROR c.c.l.i.exception.HandlerException - AuthException Erreur: Email or password unvalid
2025-01-18 22:17:07 [http-nio-8080-exec-10] DEBUG c.c.l.i.s.impl.CookieServiceImpl - Cookie samesite: Lax
2025-01-18 22:17:07 [http-nio-8080-exec-10] DEBUG c.c.l.i.s.impl.CookieServiceImpl - Cookie domain: customDomain
2025-01-18 22:17:07 [http-nio-8080-exec-10] DEBUG c.c.l.i.s.impl.CookieServiceImpl - Cookie secure: false
2025-01-18 22:17:07 [http-nio-8080-exec-10] DEBUG c.c.l.i.s.impl.CookieServiceImpl - Cookie path: /
2025-01-18 22:17:07 [http-nio-8080-exec-10] DEBUG c.c.l.i.s.impl.CookieServiceImpl - Cookie samesite: Lax
2025-01-18 22:17:07 [http-nio-8080-exec-10] DEBUG c.c.l.i.s.impl.CookieServiceImpl - Cookie domain: customDomain
2025-01-18 22:17:07 [http-nio-8080-exec-10] DEBUG c.c.l.i.s.impl.CookieServiceImpl - Cookie secure: false
2025-01-18 22:17:07 [http-nio-8080-exec-10] DEBUG c.c.l.i.s.impl.CookieServiceImpl - Cookie path: /
2025-01-18 22:17:07 [http-nio-8080-exec-1] DEBUG c.c.l.i.s.impl.CookieServiceImpl - Cookie samesite: Lax
2025-01-18 22:17:07 [http-nio-8080-exec-1] DEBUG c.c.l.i.s.impl.CookieServiceImpl - Cookie domain: customDomain
2025-01-18 22:17:07 [http-nio-8080-exec-1] DEBUG c.c.l.i.s.impl.CookieServiceImpl - Cookie secure: false
2025-01-18 22:17:07 [http-nio-8080-exec-1] DEBUG c.c.l.i.s.impl.CookieServiceImpl - Cookie path: /
2025-01-18 22:17:10 [http-nio-8080-exec-5] ERROR c.c.l.i.exception.HandlerException - AuthException Erreur: Email or password unvalid
2025-01-18 22:17:13 [http-nio-8080-exec-6] ERROR c.c.l.i.exception.HandlerException - AuthException Erreur: Email or password unvalid
2025-01-18 22:17:14 [http-nio-8080-exec-9] ERROR c.c.l.i.exception.HandlerException - AuthException Erreur: Email or password unvalid
2025-01-18 22:17:18 [http-nio-8080-exec-10] DEBUG c.c.l.i.s.impl.CookieServiceImpl - Cookie samesite: Lax
2025-01-18 22:17:18 [http-nio-8080-exec-10] DEBUG c.c.l.i.s.impl.CookieServiceImpl - Cookie domain: customDomain
2025-01-18 22:17:18 [http-nio-8080-exec-10] DEBUG c.c.l.i.s.impl.CookieServiceImpl - Cookie secure: false
2025-01-18 22:17:18 [http-nio-8080-exec-10] DEBUG c.c.l.i.s.impl.CookieServiceImpl - Cookie path: /
2025-01-18 22:30:46 [http-nio-8080-exec-5] DEBUG c.c.l.i.s.impl.CookieServiceImpl - Cookie samesite: Lax
2025-01-18 22:30:46 [http-nio-8080-exec-5] DEBUG c.c.l.i.s.impl.CookieServiceImpl - Cookie domain: customDomain
2025-01-18 22:30:46 [http-nio-8080-exec-5] DEBUG c.c.l.i.s.impl.CookieServiceImpl - Cookie secure: false
2025-01-18 22:30:46 [http-nio-8080-exec-5] DEBUG c.c.l.i.s.impl.CookieServiceImpl - Cookie path: /
2025-01-18 22:30:46 [http-nio-8080-exec-5] DEBUG c.c.l.i.s.impl.CookieServiceImpl - Cookie samesite: Lax
2025-01-18 22:30:46 [http-nio-8080-exec-5] DEBUG c.c.l.i.s.impl.CookieServiceImpl - Cookie domain: customDomain
2025-01-18 22:30:46 [http-nio-8080-exec-5] DEBUG c.c.l.i.s.impl.CookieServiceImpl - Cookie secure: false
2025-01-18 22:30:46 [http-nio-8080-exec-5] DEBUG c.c.l.i.s.impl.CookieServiceImpl - Cookie path: /
2025-01-18 22:30:46 [http-nio-8080-exec-6] DEBUG c.c.l.i.s.impl.CookieServiceImpl - Cookie samesite: Lax
2025-01-18 22:30:46 [http-nio-8080-exec-6] DEBUG c.c.l.i.s.impl.CookieServiceImpl - Cookie domain: customDomain
2025-01-18 22:30:46 [http-nio-8080-exec-6] DEBUG c.c.l.i.s.impl.CookieServiceImpl - Cookie secure: false
2025-01-18 22:30:46 [http-nio-8080-exec-6] DEBUG c.c.l.i.s.impl.CookieServiceImpl - Cookie path: /
2025-01-18 22:35:51 [http-nio-8080-exec-10] DEBUG c.c.l.i.s.impl.CookieServiceImpl - Cookie samesite: Lax
2025-01-18 22:35:51 [http-nio-8080-exec-10] DEBUG c.c.l.i.s.impl.CookieServiceImpl - Cookie domain: customDomain
2025-01-18 22:35:51 [http-nio-8080-exec-10] DEBUG c.c.l.i.s.impl.CookieServiceImpl - Cookie secure: false
2025-01-18 22:35:51 [http-nio-8080-exec-10] DEBUG c.c.l.i.s.impl.CookieServiceImpl - Cookie path: /
2025-01-18 22:35:51 [http-nio-8080-exec-10] DEBUG c.c.l.i.s.impl.CookieServiceImpl - Cookie samesite: Lax
2025-01-18 22:35:51 [http-nio-8080-exec-10] DEBUG c.c.l.i.s.impl.CookieServiceImpl - Cookie domain: customDomain
2025-01-18 22:35:51 [http-nio-8080-exec-10] DEBUG c.c.l.i.s.impl.CookieServiceImpl - Cookie secure: false
2025-01-18 22:35:51 [http-nio-8080-exec-10] DEBUG c.c.l.i.s.impl.CookieServiceImpl - Cookie path: /
2025-01-18 22:35:52 [http-nio-8080-exec-2] DEBUG c.c.l.i.s.impl.CookieServiceImpl - Cookie samesite: Lax
2025-01-18 22:35:52 [http-nio-8080-exec-2] DEBUG c.c.l.i.s.impl.CookieServiceImpl - Cookie domain: customDomain
2025-01-18 22:35:52 [http-nio-8080-exec-2] DEBUG c.c.l.i.s.impl.CookieServiceImpl - Cookie secure: false
2025-01-18 22:35:52 [http-nio-8080-exec-2] DEBUG c.c.l.i.s.impl.CookieServiceImpl - Cookie path: /
2025-01-18 22:35:55 [http-nio-8080-exec-5] ERROR c.c.l.i.exception.HandlerException - AuthException Erreur: Email or password unvalid
2025-01-18 22:39:01 [http-nio-8080-exec-7] ERROR c.c.l.i.exception.HandlerException - AuthException Erreur: Email or password unvalid
2025-01-18 22:39:05 [http-nio-8080-exec-8] DEBUG c.c.l.i.s.impl.CookieServiceImpl - Cookie samesite: Lax
2025-01-18 22:39:05 [http-nio-8080-exec-8] DEBUG c.c.l.i.s.impl.CookieServiceImpl - Cookie domain: customDomain
2025-01-18 22:39:05 [http-nio-8080-exec-8] DEBUG c.c.l.i.s.impl.CookieServiceImpl - Cookie secure: false
2025-01-18 22:39:05 [http-nio-8080-exec-8] DEBUG c.c.l.i.s.impl.CookieServiceImpl - Cookie path: /
2025-01-18 22:39:09 [http-nio-8080-exec-1] ERROR c.c.l.i.exception.HandlerException - AuthException Erreur: Email or password unvalid
2025-01-18 22:39:10 [http-nio-8080-exec-3] ERROR c.c.l.i.exception.HandlerException - AuthException Erreur: Email or password unvalid
